Using pre-set license
Built from '2021.3/staging' branch; Version is '2021.3.10f1 (1c7d0df0160b) revision 1867021'; Using compiler version '192829333'; Build Type 'Release'
OS: 'Windows 11  (10.0.22621) 64bit Professional' Language: 'en' Physical Memory: 32693 MB
BatchMode: 1, IsHumanControllingUs: 0, StartBugReporterOnCrash: 0, Is64bit: 1, IsPro: 1

COMMAND LINE ARGUMENTS:
C:\Program Files\Unity\Hub\Editor\2021.3.10f1\Editor\Unity.exe
-adb2
-batchMode
-noUpm
-name
AssetImportWorker0
-projectPath
C:/Users/aaron/Documents/GitHub/fishing/buildingthing
-logFile
Logs/AssetImportWorker0.log
-srvPort
64541
Successfully changed project path to: C:/Users/aaron/Documents/GitHub/fishing/buildingthing
C:/Users/aaron/Documents/GitHub/fishing/buildingthing
[UnityMemory] Configuration Parameters - Can be set up in boot.config
    "memorysetup-bucket-allocator-granularity=16"
    "memorysetup-bucket-allocator-bucket-count=8"
    "memorysetup-bucket-allocator-block-size=33554432"
    "memorysetup-bucket-allocator-block-count=8"
    "memorysetup-main-allocator-block-size=16777216"
    "memorysetup-thread-allocator-block-size=16777216"
    "memorysetup-gfx-main-allocator-block-size=16777216"
    "memorysetup-gfx-thread-allocator-block-size=16777216"
    "memorysetup-cache-allocator-block-size=4194304"
    "memorysetup-typetree-allocator-block-size=2097152"
    "memorysetup-profiler-bucket-allocator-granularity=16"
    "memorysetup-profiler-bucket-allocator-bucket-count=8"
    "memorysetup-profiler-bucket-allocator-block-size=33554432"
    "memorysetup-profiler-bucket-allocator-block-count=8"
    "memorysetup-profiler-allocator-block-size=16777216"
    "memorysetup-profiler-editor-allocator-block-size=1048576"
    "memorysetup-temp-allocator-size-main=16777216"
    "memorysetup-job-temp-allocator-block-size=2097152"
    "memorysetup-job-temp-allocator-block-size-background=1048576"
    "memorysetup-job-temp-allocator-reduction-small-platforms=262144"
    "memorysetup-temp-allocator-size-background-worker=32768"
    "memorysetup-temp-allocator-size-job-worker=262144"
    "memorysetup-temp-allocator-size-preload-manager=33554432"
    "memorysetup-temp-allocator-size-nav-mesh-worker=65536"
    "memorysetup-temp-allocator-size-audio-worker=65536"
    "memorysetup-temp-allocator-size-cloud-worker=32768"
    "memorysetup-temp-allocator-size-gi-baking-worker=262144"
    "memorysetup-temp-allocator-size-gfx=262144"
Refreshing native plugins compatible for Editor in 64.09 ms, found 3 plugins.
Preloading 0 native plugins for Editor in 0.00 ms.
Initialize engine version: 2021.3.10f1 (1c7d0df0160b)
[Subsystems] Discovering subsystems at path C:/Program Files/Unity/Hub/Editor/2021.3.10f1/Editor/Data/Resources/UnitySubsystems
[Subsystems] Discovering subsystems at path C:/Users/aaron/Documents/GitHub/fishing/buildingthing/Assets
GfxDevice: creating device client; threaded=0; jobified=0
Direct3D:
    Version:  Direct3D 11.0 [level 11.1]
    Renderer: Radeon RX 560 Series (ID=0x67ff)
    Vendor:   ATI
    VRAM:     4074 MB
    Driver:   31.0.14057.5006
Initialize mono
Mono path[0] = 'C:/Program Files/Unity/Hub/Editor/2021.3.10f1/Editor/Data/Managed'
Mono path[1] = 'C:/Program Files/Unity/Hub/Editor/2021.3.10f1/Editor/Data/MonoBleedingEdge/lib/mono/unityjit-win32'
Mono config path = 'C:/Program Files/Unity/Hub/Editor/2021.3.10f1/Editor/Data/MonoBleedingEdge/etc'
Using monoOptions --debugger-agent=transport=dt_socket,embedding=1,server=y,suspend=n,address=127.0.0.1:56628
Begin MonoManager ReloadAssembly
Registering precompiled unity dll's ...
Register platform support module: C:/Program Files/Unity/Hub/Editor/2021.3.10f1/Editor/Data/PlaybackEngines/WindowsStandaloneSupport/UnityEditor.WindowsStandalone.Extensions.dll
Registered in 0.003192 seconds.
Native extension for WindowsStandalone target not found
Refreshing native plugins compatible for Editor in 60.90 ms, found 3 plugins.
Preloading 0 native plugins for Editor in 0.00 ms.
Mono: successfully reloaded assembly
- Completed reload, in  0.457 seconds
Domain Reload Profiling:
	ReloadAssembly (458ms)
		BeginReloadAssembly (52ms)
			ExecutionOrderSort (0ms)
			DisableScriptedObjects (0ms)
			BackupInstance (0ms)
			ReleaseScriptingObjects (0ms)
			CreateAndSetChildDomain (1ms)
		EndReloadAssembly (331ms)
			LoadAssemblies (50ms)
			RebuildTransferFunctionScriptingTraits (0ms)
			SetupTypeCache (66ms)
			ReleaseScriptCaches (0ms)
			RebuildScriptCaches (21ms)
			SetupLoadedEditorAssemblies (208ms)
				LogAssemblyErrors (0ms)
				InitializePlatformSupportModulesInManaged (5ms)
				SetLoadedEditorAssemblies (0ms)
				RefreshPlugins (61ms)
				BeforeProcessingInitializeOnLoad (1ms)
				ProcessInitializeOnLoadAttributes (105ms)
				ProcessInitializeOnLoadMethodAttributes (35ms)
				AfterProcessingInitializeOnLoad (0ms)
				EditorAssembliesLoaded (0ms)
			ExecutionOrderSort2 (0ms)
			AwakeInstancesAfterBackupRestoration (0ms)
Platform modules already initialized, skipping
Registering precompiled user dll's ...
Registered in 0.005556 seconds.
Begin MonoManager ReloadAssembly
Symbol file LoadedFromMemory doesn't match image C:\Users\aaron\Documents\GitHub\fishing\buildingthing\Library\PackageCache\com.unity.visualscripting@1.7.8\Editor\VisualScripting.Core\Dependencies\YamlDotNet\Unity.VisualScripting.YamlDotNet.dll
Symbol file LoadedFromMemory doesn't match image C:\Users\aaron\Documents\GitHub\fishing\buildingthing\Library\PackageCache\com.unity.visualscripting@1.7.8\Editor\VisualScripting.Core\Dependencies\DotNetZip\Unity.VisualScripting.IonicZip.dll
Native extension for WindowsStandalone target not found
Refreshing native plugins compatible for Editor in 0.48 ms, found 3 plugins.
Preloading 0 native plugins for Editor in 0.00 ms.
Mono: successfully reloaded assembly
- Completed reload, in  0.759 seconds
Domain Reload Profiling:
	ReloadAssembly (760ms)
		BeginReloadAssembly (90ms)
			ExecutionOrderSort (0ms)
			DisableScriptedObjects (4ms)
			BackupInstance (0ms)
			ReleaseScriptingObjects (0ms)
			CreateAndSetChildDomain (22ms)
		EndReloadAssembly (591ms)
			LoadAssemblies (60ms)
			RebuildTransferFunctionScriptingTraits (0ms)
			SetupTypeCache (179ms)
			ReleaseScriptCaches (1ms)
			RebuildScriptCaches (38ms)
			SetupLoadedEditorAssemblies (284ms)
				LogAssemblyErrors (0ms)
				InitializePlatformSupportModulesInManaged (4ms)
				SetLoadedEditorAssemblies (0ms)
				RefreshPlugins (1ms)
				BeforeProcessingInitializeOnLoad (73ms)
				ProcessInitializeOnLoadAttributes (178ms)
				ProcessInitializeOnLoadMethodAttributes (22ms)
				AfterProcessingInitializeOnLoad (5ms)
				EditorAssembliesLoaded (0ms)
			ExecutionOrderSort2 (0ms)
			AwakeInstancesAfterBackupRestoration (4ms)
Platform modules already initialized, skipping
========================================================================
Worker process is ready to serve import requests
Launched and connected shader compiler UnityShaderCompiler.exe after 0.04 seconds
Refreshing native plugins compatible for Editor in 0.50 ms, found 3 plugins.
Preloading 0 native plugins for Editor in 0.00 ms.
Unloading 3433 Unused Serialized files (Serialized files now loaded: 0)
Unloading 27 unused Assets / (113.5 KB). Loaded Objects now: 3891.
Memory consumption went from 119.7 MB to 119.6 MB.
Total: 2.661000 ms (FindLiveObjects: 0.230700 ms CreateObjectMapping: 0.079000 ms MarkObjects: 2.263900 ms  DeleteObjects: 0.086800 ms)

AssetImportParameters requested are different than current active one (requested -> active):
  custom:video-decoder-ogg-theora: a1e56fd34408186e4bbccfd4996cb3dc -> 
  custom:container-muxer-webm: aa71ff27fc2769a1b78a27578f13a17b -> 
  custom:container-demuxer-webm: 4f35f7cbe854078d1ac9338744f61a02 -> 
  custom:video-encoder-webm-vp8: eb34c28f22e8b96e1ab97ce403110664 -> 
  custom:video-codec-MediaFoundation-h265: 746d11721c4dcdbdad8f713fa42b33f4 -> 
  custom:audio-encoder-webm-vorbis: bf7c407c2cedff20999df2af8eb42d56 -> 
  custom:framework-win-MediaFoundation: 216162199b28c13a410421893ffa2e32 -> 
  custom:container-demuxer-ogg: 62fdf1f143b41e24485cea50d1cbac27 -> 
  custom:video-decoder-webm-vp8: 9c59270c3fd7afecdb556c50c9e8de78 -> 
  custom:audio-decoder-ogg-vorbis: bf7c407c2cedff20999df2af8eb42d56 -> 
========================================================================
Received Import Request.
  Time since last request: 1018084.381529 seconds.
  path: Assets/BuildSystem/Ghost 1.mat
  artifactKey: Guid(c480e15b8dc8c97428074b77d99b29e7) Importer(815301076,1909f56bfc062723c751e8b465ee728b)
Start importing Assets/BuildSystem/Ghost 1.mat using Guid(c480e15b8dc8c97428074b77d99b29e7) Importer(815301076,1909f56bfc062723c751e8b465ee728b)  -> (artifact id: 'd88fe3e95609a4a636173d53401d7e5b') in 0.173205 seconds 
========================================================================
Received Import Request.
  Time since last request: 1.746708 seconds.
  path: Assets/BuildSystem/GhostBuilding.cs
  artifactKey: Guid(f10058f70ef86474b8ee386be14827ac) Importer(815301076,1909f56bfc062723c751e8b465ee728b)
Start importing Assets/BuildSystem/GhostBuilding.cs using Guid(f10058f70ef86474b8ee386be14827ac) Importer(815301076,1909f56bfc062723c751e8b465ee728b)  -> (artifact id: '8bde4f1c2413302457e8ed9b64b7989d') in 0.010959 seconds 
========================================================================
Received Import Request.
  Time since last request: 28.780481 seconds.
  path: Assets/BuildSystem/BuildPoint.cs
  artifactKey: Guid(69a1f5dd15d9f2d45a019d26019a2622) Importer(815301076,1909f56bfc062723c751e8b465ee728b)
Start importing Assets/BuildSystem/BuildPoint.cs using Guid(69a1f5dd15d9f2d45a019d26019a2622) Importer(815301076,1909f56bfc062723c751e8b465ee728b)  -> (artifact id: '7012882287d3a21b3ffb07436dc929b1') in 0.008951 seconds 
========================================================================
Received Import Request.
  Time since last request: 19.839170 seconds.
  path: Assets/BuildSystem/Prefabs
  artifactKey: Guid(7b78685a6e34d2341ba65f5e9b20266a) Importer(815301076,1909f56bfc062723c751e8b465ee728b)
Start importing Assets/BuildSystem/Prefabs using Guid(7b78685a6e34d2341ba65f5e9b20266a) Importer(815301076,1909f56bfc062723c751e8b465ee728b)  -> (artifact id: '2c10bbc020c07abe69f8a475f9020f68') in 0.009220 seconds 
========================================================================
Received Import Request.
  Time since last request: 0.054099 seconds.
  path: Assets/BuildSystem/Prefabs/Wall_Door.prefab
  artifactKey: Guid(377702509556792478e21853a5fed19a) Importer(815301076,1909f56bfc062723c751e8b465ee728b)
Start importing Assets/BuildSystem/Prefabs/Wall_Door.prefab using Guid(377702509556792478e21853a5fed19a) Importer(815301076,1909f56bfc062723c751e8b465ee728b)  -> (artifact id: 'd1de72d57c2dfb241e0df15743e28760') in 0.178346 seconds 
========================================================================
Received Import Request.
  Time since last request: 2.669166 seconds.
  path: Assets/BuildSystem/Prefabs/BasePrefabs
  artifactKey: Guid(3b957e1eedfbd2d4994d7d6b0fc018ce) Importer(815301076,1909f56bfc062723c751e8b465ee728b)
Start importing Assets/BuildSystem/Prefabs/BasePrefabs using Guid(3b957e1eedfbd2d4994d7d6b0fc018ce) Importer(815301076,1909f56bfc062723c751e8b465ee728b)  -> (artifact id: 'bae2275b62dc3c4a3de9e1903693a180') in 0.008751 seconds 
========================================================================
Received Import Request.
  Time since last request: 0.054072 seconds.
  path: Assets/BuildSystem/Prefabs/BasePrefabs/Fence.prefab
  artifactKey: Guid(42892e059edb80f448639f47e5ea4c5b) Importer(815301076,1909f56bfc062723c751e8b465ee728b)
Start importing Assets/BuildSystem/Prefabs/BasePrefabs/Fence.prefab using Guid(42892e059edb80f448639f47e5ea4c5b) Importer(815301076,1909f56bfc062723c751e8b465ee728b)  -> (artifact id: '3f52a35d62027a5b3399d85dc6912c3d') in 0.014310 seconds 
========================================================================
Received Import Request.
  Time since last request: 0.000017 seconds.
  path: Assets/BuildSystem/Prefabs/BasePrefabs/Wall.prefab
  artifactKey: Guid(d7a8e0c9f0da0704dae5d88cd03dc783) Importer(815301076,1909f56bfc062723c751e8b465ee728b)
Start importing Assets/BuildSystem/Prefabs/BasePrefabs/Wall.prefab using Guid(d7a8e0c9f0da0704dae5d88cd03dc783) Importer(815301076,1909f56bfc062723c751e8b465ee728b)  -> (artifact id: 'dce5d9fbe66e5d82fb1657a244ade273') in 0.014338 seconds 
========================================================================
Received Import Request.
  Time since last request: 30.324752 seconds.
  path: Assets/BuildSystem/Hitboxes/Fence_HitboxCheck.prefab
  artifactKey: Guid(5ffaa4be9e284a24483100334a6221b8) Importer(815301076,1909f56bfc062723c751e8b465ee728b)
Start importing Assets/BuildSystem/Hitboxes/Fence_HitboxCheck.prefab using Guid(5ffaa4be9e284a24483100334a6221b8) Importer(815301076,1909f56bfc062723c751e8b465ee728b)  -> (artifact id: '2bd53f3bbb1ca1aa5f49b7501d05b316') in 0.011180 seconds 
========================================================================
Received Import Request.
  Time since last request: 1.102893 seconds.
  path: Assets/BuildSystem/Ghosts/Fence_Ghost.prefab
  artifactKey: Guid(871fb5247b3a1a54ab37a8fb9c5f0b15) Importer(815301076,1909f56bfc062723c751e8b465ee728b)
Start importing Assets/BuildSystem/Ghosts/Fence_Ghost.prefab using Guid(871fb5247b3a1a54ab37a8fb9c5f0b15) Importer(815301076,1909f56bfc062723c751e8b465ee728b)  -> (artifact id: '26a677cf71a5a3e7ad436ac2d3237ae1') in 0.016078 seconds 
========================================================================
Received Import Request.
  Time since last request: 0.000019 seconds.
  path: Assets/BuildSystem/Ghosts/Wall_Ghost.prefab
  artifactKey: Guid(3e2b8b7bb5be0a44f8469ca32746bb36) Importer(815301076,1909f56bfc062723c751e8b465ee728b)
Start importing Assets/BuildSystem/Ghosts/Wall_Ghost.prefab using Guid(3e2b8b7bb5be0a44f8469ca32746bb36) Importer(815301076,1909f56bfc062723c751e8b465ee728b)  -> (artifact id: 'cb2b00db85897cb3747599d6448133ef') in 0.016022 seconds 
========================================================================
Received Import Request.
  Time since last request: 88.482220 seconds.
  path: Assets/BuildSystem/Prefabs/BasePrefabs/BuildableState.prefab
  artifactKey: Guid(840d801900fa42e4987eddb474127637) Importer(815301076,1909f56bfc062723c751e8b465ee728b)
Start importing Assets/BuildSystem/Prefabs/BasePrefabs/BuildableState.prefab using Guid(840d801900fa42e4987eddb474127637) Importer(815301076,1909f56bfc062723c751e8b465ee728b)  -> (artifact id: 'cd2bb1ce60430c0ccd64cd1cb9ed1bd2') in 0.012570 seconds 
========================================================================
Received Import Request.
  Time since last request: 0.122331 seconds.
  path: Assets/BuildSystem/Prefabs/BasePrefabs/Floor.prefab
  artifactKey: Guid(ccdda963e0c3d864086b9501e960fc0b) Importer(815301076,1909f56bfc062723c751e8b465ee728b)
Start importing Assets/BuildSystem/Prefabs/BasePrefabs/Floor.prefab using Guid(ccdda963e0c3d864086b9501e960fc0b) Importer(815301076,1909f56bfc062723c751e8b465ee728b)  -> (artifact id: '88d9524a0fe5cdaaef52033733977eca') in 0.008799 seconds 
========================================================================
Received Prepare
Registering precompiled user dll's ...
Registered in 0.004123 seconds.
Begin MonoManager ReloadAssembly
Symbol file LoadedFromMemory doesn't match image C:\Users\aaron\Documents\GitHub\fishing\buildingthing\Library\PackageCache\com.unity.visualscripting@1.7.8\Editor\VisualScripting.Core\Dependencies\YamlDotNet\Unity.VisualScripting.YamlDotNet.dll
Symbol file LoadedFromMemory doesn't match image C:\Users\aaron\Documents\GitHub\fishing\buildingthing\Library\PackageCache\com.unity.visualscripting@1.7.8\Editor\VisualScripting.Core\Dependencies\DotNetZip\Unity.VisualScripting.IonicZip.dll
Native extension for WindowsStandalone target not found
Refreshing native plugins compatible for Editor in 0.69 ms, found 3 plugins.
Preloading 0 native plugins for Editor in 0.00 ms.
Mono: successfully reloaded assembly
- Completed reload, in  0.828 seconds
Domain Reload Profiling:
	ReloadAssembly (828ms)
		BeginReloadAssembly (119ms)
			ExecutionOrderSort (0ms)
			DisableScriptedObjects (3ms)
			BackupInstance (0ms)
			ReleaseScriptingObjects (0ms)
			CreateAndSetChildDomain (43ms)
		EndReloadAssembly (632ms)
			LoadAssemblies (64ms)
			RebuildTransferFunctionScriptingTraits (0ms)
			SetupTypeCache (201ms)
			ReleaseScriptCaches (1ms)
			RebuildScriptCaches (36ms)
			SetupLoadedEditorAssemblies (289ms)
				LogAssemblyErrors (0ms)
				InitializePlatformSupportModulesInManaged (10ms)
				SetLoadedEditorAssemblies (0ms)
				RefreshPlugins (1ms)
				BeforeProcessingInitializeOnLoad (57ms)
				ProcessInitializeOnLoadAttributes (186ms)
				ProcessInitializeOnLoadMethodAttributes (28ms)
				AfterProcessingInitializeOnLoad (6ms)
				EditorAssembliesLoaded (0ms)
			ExecutionOrderSort2 (0ms)
			AwakeInstancesAfterBackupRestoration (5ms)
Platform modules already initialized, skipping
Refreshing native plugins compatible for Editor in 1.59 ms, found 3 plugins.
Preloading 0 native plugins for Editor in 0.00 ms.
Unloading 3415 Unused Serialized files (Serialized files now loaded: 0)
Unloading 20 unused Assets / (79.9 KB). Loaded Objects now: 3937.
Memory consumption went from 123.2 MB to 123.1 MB.
Total: 2.997700 ms (FindLiveObjects: 0.276500 ms CreateObjectMapping: 0.083600 ms MarkObjects: 2.563600 ms  DeleteObjects: 0.073100 ms)

AssetImportParameters requested are different than current active one (requested -> active):
  custom:video-decoder-ogg-theora: a1e56fd34408186e4bbccfd4996cb3dc -> 
  custom:container-muxer-webm: aa71ff27fc2769a1b78a27578f13a17b -> 
  custom:container-demuxer-webm: 4f35f7cbe854078d1ac9338744f61a02 -> 
  custom:video-encoder-webm-vp8: eb34c28f22e8b96e1ab97ce403110664 -> 
  custom:video-codec-MediaFoundation-h265: 746d11721c4dcdbdad8f713fa42b33f4 -> 
  custom:audio-encoder-webm-vorbis: bf7c407c2cedff20999df2af8eb42d56 -> 
  custom:framework-win-MediaFoundation: 216162199b28c13a410421893ffa2e32 -> 
  custom:container-demuxer-ogg: 62fdf1f143b41e24485cea50d1cbac27 -> 
  custom:video-decoder-webm-vp8: 9c59270c3fd7afecdb556c50c9e8de78 -> 
  custom:audio-decoder-ogg-vorbis: bf7c407c2cedff20999df2af8eb42d56 -> 
========================================================================
Received Import Request.
  Time since last request: 1105.977059 seconds.
  path: Assets/BuildSystem/Hitboxes/Floor_HitboxCheck.prefab
  artifactKey: Guid(5827d1089ebefa34e8d73098417d7c66) Importer(815301076,1909f56bfc062723c751e8b465ee728b)
Start importing Assets/BuildSystem/Hitboxes/Floor_HitboxCheck.prefab using Guid(5827d1089ebefa34e8d73098417d7c66) Importer(815301076,1909f56bfc062723c751e8b465ee728b)  -> (artifact id: '5d00c501b695f9072eefa3241b71d471') in 0.054503 seconds 
========================================================================
Received Prepare
Registering precompiled user dll's ...
Registered in 0.005280 seconds.
Begin MonoManager ReloadAssembly
Symbol file LoadedFromMemory doesn't match image C:\Users\aaron\Documents\GitHub\fishing\buildingthing\Library\PackageCache\com.unity.visualscripting@1.7.8\Editor\VisualScripting.Core\Dependencies\YamlDotNet\Unity.VisualScripting.YamlDotNet.dll
Symbol file LoadedFromMemory doesn't match image C:\Users\aaron\Documents\GitHub\fishing\buildingthing\Library\PackageCache\com.unity.visualscripting@1.7.8\Editor\VisualScripting.Core\Dependencies\DotNetZip\Unity.VisualScripting.IonicZip.dll
Native extension for WindowsStandalone target not found
Refreshing native plugins compatible for Editor in 0.76 ms, found 3 plugins.
Preloading 0 native plugins for Editor in 0.00 ms.
Mono: successfully reloaded assembly
- Completed reload, in  0.796 seconds
Domain Reload Profiling:
	ReloadAssembly (796ms)
		BeginReloadAssembly (114ms)
			ExecutionOrderSort (0ms)
			DisableScriptedObjects (5ms)
			BackupInstance (0ms)
			ReleaseScriptingObjects (0ms)
			CreateAndSetChildDomain (39ms)
		EndReloadAssembly (608ms)
			LoadAssemblies (62ms)
			RebuildTransferFunctionScriptingTraits (0ms)
			SetupTypeCache (191ms)
			ReleaseScriptCaches (1ms)
			RebuildScriptCaches (34ms)
			SetupLoadedEditorAssemblies (284ms)
				LogAssemblyErrors (0ms)
				InitializePlatformSupportModulesInManaged (10ms)
				SetLoadedEditorAssemblies (0ms)
				RefreshPlugins (1ms)
				BeforeProcessingInitializeOnLoad (57ms)
				ProcessInitializeOnLoadAttributes (184ms)
				ProcessInitializeOnLoadMethodAttributes (26ms)
				AfterProcessingInitializeOnLoad (5ms)
				EditorAssembliesLoaded (0ms)
			ExecutionOrderSort2 (0ms)
			AwakeInstancesAfterBackupRestoration (5ms)
Platform modules already initialized, skipping
Refreshing native plugins compatible for Editor in 1.85 ms, found 3 plugins.
Preloading 0 native plugins for Editor in 0.00 ms.
Unloading 3415 Unused Serialized files (Serialized files now loaded: 0)
Unloading 20 unused Assets / (80.1 KB). Loaded Objects now: 3941.
Memory consumption went from 123.2 MB to 123.1 MB.
Total: 3.051400 ms (FindLiveObjects: 0.257500 ms CreateObjectMapping: 0.090100 ms MarkObjects: 2.601400 ms  DeleteObjects: 0.101400 ms)

AssetImportParameters requested are different than current active one (requested -> active):
  custom:video-decoder-ogg-theora: a1e56fd34408186e4bbccfd4996cb3dc -> 
  custom:container-muxer-webm: aa71ff27fc2769a1b78a27578f13a17b -> 
  custom:container-demuxer-webm: 4f35f7cbe854078d1ac9338744f61a02 -> 
  custom:video-encoder-webm-vp8: eb34c28f22e8b96e1ab97ce403110664 -> 
  custom:video-codec-MediaFoundation-h265: 746d11721c4dcdbdad8f713fa42b33f4 -> 
  custom:audio-encoder-webm-vorbis: bf7c407c2cedff20999df2af8eb42d56 -> 
  custom:framework-win-MediaFoundation: 216162199b28c13a410421893ffa2e32 -> 
  custom:container-demuxer-ogg: 62fdf1f143b41e24485cea50d1cbac27 -> 
  custom:video-decoder-webm-vp8: 9c59270c3fd7afecdb556c50c9e8de78 -> 
  custom:audio-decoder-ogg-vorbis: bf7c407c2cedff20999df2af8eb42d56 -> 
========================================================================
Received Import Request.
  Time since last request: 1367.163249 seconds.
  path: Assets/BuildSystem/Hitboxes/BuildHitboxCheck.cs
  artifactKey: Guid(2c5af4b011813aa47a932334a1c7ebe8) Importer(815301076,1909f56bfc062723c751e8b465ee728b)
Start importing Assets/BuildSystem/Hitboxes/BuildHitboxCheck.cs using Guid(2c5af4b011813aa47a932334a1c7ebe8) Importer(815301076,1909f56bfc062723c751e8b465ee728b)  -> (artifact id: 'dd91ce1c2802adaaaab68913e7d9d59d') in 0.015703 seconds 
========================================================================
Received Prepare
Registering precompiled user dll's ...
Registered in 0.004296 seconds.
Begin MonoManager ReloadAssembly
Symbol file LoadedFromMemory doesn't match image C:\Users\aaron\Documents\GitHub\fishing\buildingthing\Library\PackageCache\com.unity.visualscripting@1.7.8\Editor\VisualScripting.Core\Dependencies\YamlDotNet\Unity.VisualScripting.YamlDotNet.dll
Symbol file LoadedFromMemory doesn't match image C:\Users\aaron\Documents\GitHub\fishing\buildingthing\Library\PackageCache\com.unity.visualscripting@1.7.8\Editor\VisualScripting.Core\Dependencies\DotNetZip\Unity.VisualScripting.IonicZip.dll
Native extension for WindowsStandalone target not found
Refreshing native plugins compatible for Editor in 0.70 ms, found 3 plugins.
Preloading 0 native plugins for Editor in 0.00 ms.
Mono: successfully reloaded assembly
- Completed reload, in  0.781 seconds
Domain Reload Profiling:
	ReloadAssembly (781ms)
		BeginReloadAssembly (114ms)
			ExecutionOrderSort (0ms)
			DisableScriptedObjects (4ms)
			BackupInstance (0ms)
			ReleaseScriptingObjects (0ms)
			CreateAndSetChildDomain (37ms)
		EndReloadAssembly (593ms)
			LoadAssemblies (63ms)
			RebuildTransferFunctionScriptingTraits (0ms)
			SetupTypeCache (189ms)
			ReleaseScriptCaches (1ms)
			RebuildScriptCaches (36ms)
			SetupLoadedEditorAssemblies (272ms)
				LogAssemblyErrors (0ms)
				InitializePlatformSupportModulesInManaged (10ms)
				SetLoadedEditorAssemblies (0ms)
				RefreshPlugins (1ms)
				BeforeProcessingInitializeOnLoad (60ms)
				ProcessInitializeOnLoadAttributes (172ms)
				ProcessInitializeOnLoadMethodAttributes (23ms)
				AfterProcessingInitializeOnLoad (6ms)
				EditorAssembliesLoaded (0ms)
			ExecutionOrderSort2 (0ms)
			AwakeInstancesAfterBackupRestoration (5ms)
Platform modules already initialized, skipping
Refreshing native plugins compatible for Editor in 2.51 ms, found 3 plugins.
Preloading 0 native plugins for Editor in 0.00 ms.
Unloading 3415 Unused Serialized files (Serialized files now loaded: 0)
Unloading 20 unused Assets / (80.0 KB). Loaded Objects now: 3944.
Memory consumption went from 123.1 MB to 123.1 MB.
Total: 3.093800 ms (FindLiveObjects: 0.270900 ms CreateObjectMapping: 0.200100 ms MarkObjects: 2.528000 ms  DeleteObjects: 0.093600 ms)

AssetImportParameters requested are different than current active one (requested -> active):
  custom:video-decoder-ogg-theora: a1e56fd34408186e4bbccfd4996cb3dc -> 
  custom:container-muxer-webm: aa71ff27fc2769a1b78a27578f13a17b -> 
  custom:container-demuxer-webm: 4f35f7cbe854078d1ac9338744f61a02 -> 
  custom:video-encoder-webm-vp8: eb34c28f22e8b96e1ab97ce403110664 -> 
  custom:video-codec-MediaFoundation-h265: 746d11721c4dcdbdad8f713fa42b33f4 -> 
  custom:audio-encoder-webm-vorbis: bf7c407c2cedff20999df2af8eb42d56 -> 
  custom:framework-win-MediaFoundation: 216162199b28c13a410421893ffa2e32 -> 
  custom:container-demuxer-ogg: 62fdf1f143b41e24485cea50d1cbac27 -> 
  custom:video-decoder-webm-vp8: 9c59270c3fd7afecdb556c50c9e8de78 -> 
  custom:audio-decoder-ogg-vorbis: bf7c407c2cedff20999df2af8eb42d56 -> 
