Using pre-set license
Built from '2021.3/staging' branch; Version is '2021.3.10f1 (1c7d0df0160b) revision 1867021'; Using compiler version '192829333'; Build Type 'Release'
OS: 'Windows 11  (10.0.22621) 64bit Professional' Language: 'en' Physical Memory: 32693 MB
BatchMode: 1, IsHumanControllingUs: 0, StartBugReporterOnCrash: 0, Is64bit: 1, IsPro: 1

COMMAND LINE ARGUMENTS:
C:\Program Files\Unity\Hub\Editor\2021.3.10f1\Editor\Unity.exe
-adb2
-batchMode
-noUpm
-name
AssetImportWorker2
-projectPath
C:/Users/aaron/Documents/GitHub/fishing/Fishing Game
-logFile
Logs/AssetImportWorker2.log
-srvPort
59334
Successfully changed project path to: C:/Users/aaron/Documents/GitHub/fishing/Fishing Game
C:/Users/aaron/Documents/GitHub/fishing/Fishing Game
[UnityMemory] Configuration Parameters - Can be set up in boot.config
    "memorysetup-bucket-allocator-granularity=16"
    "memorysetup-bucket-allocator-bucket-count=8"
    "memorysetup-bucket-allocator-block-size=33554432"
    "memorysetup-bucket-allocator-block-count=8"
    "memorysetup-main-allocator-block-size=16777216"
    "memorysetup-thread-allocator-block-size=16777216"
    "memorysetup-gfx-main-allocator-block-size=16777216"
    "memorysetup-gfx-thread-allocator-block-size=16777216"
    "memorysetup-cache-allocator-block-size=4194304"
    "memorysetup-typetree-allocator-block-size=2097152"
    "memorysetup-profiler-bucket-allocator-granularity=16"
    "memorysetup-profiler-bucket-allocator-bucket-count=8"
    "memorysetup-profiler-bucket-allocator-block-size=33554432"
    "memorysetup-profiler-bucket-allocator-block-count=8"
    "memorysetup-profiler-allocator-block-size=16777216"
    "memorysetup-profiler-editor-allocator-block-size=1048576"
    "memorysetup-temp-allocator-size-main=16777216"
    "memorysetup-job-temp-allocator-block-size=2097152"
    "memorysetup-job-temp-allocator-block-size-background=1048576"
    "memorysetup-job-temp-allocator-reduction-small-platforms=262144"
    "memorysetup-temp-allocator-size-background-worker=32768"
    "memorysetup-temp-allocator-size-job-worker=262144"
    "memorysetup-temp-allocator-size-preload-manager=33554432"
    "memorysetup-temp-allocator-size-nav-mesh-worker=65536"
    "memorysetup-temp-allocator-size-audio-worker=65536"
    "memorysetup-temp-allocator-size-cloud-worker=32768"
    "memorysetup-temp-allocator-size-gi-baking-worker=262144"
    "memorysetup-temp-allocator-size-gfx=262144"
Refreshing native plugins compatible for Editor in 147.38 ms, found 3 plugins.
Preloading 0 native plugins for Editor in 0.00 ms.
Initialize engine version: 2021.3.10f1 (1c7d0df0160b)
[Subsystems] Discovering subsystems at path C:/Program Files/Unity/Hub/Editor/2021.3.10f1/Editor/Data/Resources/UnitySubsystems
[Subsystems] Discovering subsystems at path C:/Users/aaron/Documents/GitHub/fishing/Fishing Game/Assets
GfxDevice: creating device client; threaded=0; jobified=0
Direct3D:
    Version:  Direct3D 11.0 [level 11.1]
    Renderer: Radeon RX 560 Series (ID=0x67ff)
    Vendor:   ATI
    VRAM:     4074 MB
    Driver:   31.0.14057.5006
Initialize mono
Mono path[0] = 'C:/Program Files/Unity/Hub/Editor/2021.3.10f1/Editor/Data/Managed'
Mono path[1] = 'C:/Program Files/Unity/Hub/Editor/2021.3.10f1/Editor/Data/MonoBleedingEdge/lib/mono/unityjit-win32'
Mono config path = 'C:/Program Files/Unity/Hub/Editor/2021.3.10f1/Editor/Data/MonoBleedingEdge/etc'
Using monoOptions --debugger-agent=transport=dt_socket,embedding=1,server=y,suspend=n,address=127.0.0.1:56956
Begin MonoManager ReloadAssembly
Registering precompiled unity dll's ...
Register platform support module: C:/Program Files/Unity/Hub/Editor/2021.3.10f1/Editor/Data/PlaybackEngines/WindowsStandaloneSupport/UnityEditor.WindowsStandalone.Extensions.dll
Registered in 0.003518 seconds.
Native extension for WindowsStandalone target not found
Refreshing native plugins compatible for Editor in 97.61 ms, found 3 plugins.
Preloading 0 native plugins for Editor in 0.00 ms.
Mono: successfully reloaded assembly
- Completed reload, in  0.541 seconds
Domain Reload Profiling:
	ReloadAssembly (541ms)
		BeginReloadAssembly (64ms)
			ExecutionOrderSort (0ms)
			DisableScriptedObjects (0ms)
			BackupInstance (0ms)
			ReleaseScriptingObjects (0ms)
			CreateAndSetChildDomain (1ms)
		EndReloadAssembly (377ms)
			LoadAssemblies (62ms)
			RebuildTransferFunctionScriptingTraits (0ms)
			SetupTypeCache (80ms)
			ReleaseScriptCaches (0ms)
			RebuildScriptCaches (20ms)
			SetupLoadedEditorAssemblies (237ms)
				LogAssemblyErrors (0ms)
				InitializePlatformSupportModulesInManaged (6ms)
				SetLoadedEditorAssemblies (0ms)
				RefreshPlugins (98ms)
				BeforeProcessingInitializeOnLoad (1ms)
				ProcessInitializeOnLoadAttributes (100ms)
				ProcessInitializeOnLoadMethodAttributes (32ms)
				AfterProcessingInitializeOnLoad (0ms)
				EditorAssembliesLoaded (0ms)
			ExecutionOrderSort2 (0ms)
			AwakeInstancesAfterBackupRestoration (0ms)
Platform modules already initialized, skipping
Registering precompiled user dll's ...
Registered in 0.006026 seconds.
Begin MonoManager ReloadAssembly
Symbol file LoadedFromMemory doesn't match image C:\Users\aaron\Documents\GitHub\fishing\Fishing Game\Library\PackageCache\com.unity.visualscripting@1.7.8\Editor\VisualScripting.Core\Dependencies\YamlDotNet\Unity.VisualScripting.YamlDotNet.dll
Symbol file LoadedFromMemory doesn't match image C:\Users\aaron\Documents\GitHub\fishing\Fishing Game\Library\PackageCache\com.unity.visualscripting@1.7.8\Editor\VisualScripting.Core\Dependencies\DotNetZip\Unity.VisualScripting.IonicZip.dll
Native extension for WindowsStandalone target not found
Refreshing native plugins compatible for Editor in 105.10 ms, found 3 plugins.
Preloading 0 native plugins for Editor in 0.00 ms.
Mono: successfully reloaded assembly
- Completed reload, in  1.190 seconds
Domain Reload Profiling:
	ReloadAssembly (1191ms)
		BeginReloadAssembly (84ms)
			ExecutionOrderSort (0ms)
			DisableScriptedObjects (5ms)
			BackupInstance (0ms)
			ReleaseScriptingObjects (0ms)
			CreateAndSetChildDomain (19ms)
		EndReloadAssembly (1022ms)
			LoadAssemblies (71ms)
			RebuildTransferFunctionScriptingTraits (0ms)
			SetupTypeCache (242ms)
			ReleaseScriptCaches (1ms)
			RebuildScriptCaches (72ms)
			SetupLoadedEditorAssemblies (597ms)
				LogAssemblyErrors (0ms)
				InitializePlatformSupportModulesInManaged (3ms)
				SetLoadedEditorAssemblies (0ms)
				RefreshPlugins (105ms)
				BeforeProcessingInitializeOnLoad (105ms)
				ProcessInitializeOnLoadAttributes (267ms)
				ProcessInitializeOnLoadMethodAttributes (112ms)
				AfterProcessingInitializeOnLoad (5ms)
				EditorAssembliesLoaded (0ms)
			ExecutionOrderSort2 (0ms)
			AwakeInstancesAfterBackupRestoration (5ms)
Platform modules already initialized, skipping
========================================================================
Worker process is ready to serve import requests
Launched and connected shader compiler UnityShaderCompiler.exe after 0.04 seconds
Refreshing native plugins compatible for Editor in 1.14 ms, found 3 plugins.
Preloading 0 native plugins for Editor in 0.00 ms.
Unloading 6304 Unused Serialized files (Serialized files now loaded: 0)
Unloading 51 unused Assets / (3.4 MB). Loaded Objects now: 6762.
Memory consumption went from 284.6 MB to 281.2 MB.
Total: 4.684800 ms (FindLiveObjects: 0.590700 ms CreateObjectMapping: 0.543700 ms MarkObjects: 2.916900 ms  DeleteObjects: 0.632200 ms)

AssetImportParameters requested are different than current active one (requested -> active):
  custom:video-decoder-ogg-theora: a1e56fd34408186e4bbccfd4996cb3dc -> 
  custom:container-muxer-webm: aa71ff27fc2769a1b78a27578f13a17b -> 
  custom:container-demuxer-webm: 4f35f7cbe854078d1ac9338744f61a02 -> 
  custom:video-encoder-webm-vp8: eb34c28f22e8b96e1ab97ce403110664 -> 
  custom:video-codec-MediaFoundation-h265: 746d11721c4dcdbdad8f713fa42b33f4 -> 
  custom:audio-encoder-webm-vorbis: bf7c407c2cedff20999df2af8eb42d56 -> 
  custom:framework-win-MediaFoundation: 216162199b28c13a410421893ffa2e32 -> 
  custom:container-demuxer-ogg: 62fdf1f143b41e24485cea50d1cbac27 -> 
  custom:video-decoder-webm-vp8: 9c59270c3fd7afecdb556c50c9e8de78 -> 
  custom:audio-decoder-ogg-vorbis: bf7c407c2cedff20999df2af8eb42d56 -> 
========================================================================
Received Import Request.
  Time since last request: 132304.697557 seconds.
  path: Assets/Moddels/ScrapDoor1.fbx
  artifactKey: Guid(6d768a1c03a39b64b9243b9de8a9f9e5) Importer(815301076,1909f56bfc062723c751e8b465ee728b)
Start importing Assets/Moddels/ScrapDoor1.fbx using Guid(6d768a1c03a39b64b9243b9de8a9f9e5) Importer(815301076,1909f56bfc062723c751e8b465ee728b)  -> (artifact id: '8821893f22bccd1547b63878efa87213') in 1.053873 seconds 
========================================================================
Received Import Request.
  Time since last request: 0.000045 seconds.
  path: Assets/Moddels/ScrapWall1.fbx
  artifactKey: Guid(692073e304983824b82e09d8a1a7b96c) Importer(815301076,1909f56bfc062723c751e8b465ee728b)
Start importing Assets/Moddels/ScrapWall1.fbx using Guid(692073e304983824b82e09d8a1a7b96c) Importer(815301076,1909f56bfc062723c751e8b465ee728b)  -> (artifact id: '3288a33c77422f1f8968060024181dad') in 0.092744 seconds 
========================================================================
Received Import Request.
  Time since last request: 0.000041 seconds.
  path: Assets/Moddels/ScrapFloor3.fbx
  artifactKey: Guid(1585125fd9bfcf9408d8328743077578) Importer(815301076,1909f56bfc062723c751e8b465ee728b)
Start importing Assets/Moddels/ScrapFloor3.fbx using Guid(1585125fd9bfcf9408d8328743077578) Importer(815301076,1909f56bfc062723c751e8b465ee728b)  -> (artifact id: '6311159d45d0a28dac1a567b5d0b98f7') in 0.075476 seconds 
========================================================================
Received Import Request.
  Time since last request: 0.000032 seconds.
  path: Assets/Moddels/ScrapWindow1.fbx
  artifactKey: Guid(34945fcfd9c2a5844810593808c22ead) Importer(815301076,1909f56bfc062723c751e8b465ee728b)
Start importing Assets/Moddels/ScrapWindow1.fbx using Guid(34945fcfd9c2a5844810593808c22ead) Importer(815301076,1909f56bfc062723c751e8b465ee728b)  -> (artifact id: '7c46b82cd31b2cbdba211f93e493a49a') in 0.074521 seconds 
========================================================================
Received Import Request.
  Time since last request: 150.890693 seconds.
  path: Assets/Prefab/BlueCube.prefab
  artifactKey: Guid(43b546c12ab4a6441ade4b555fa2ecf5) Importer(815301076,1909f56bfc062723c751e8b465ee728b)
Start importing Assets/Prefab/BlueCube.prefab using Guid(43b546c12ab4a6441ade4b555fa2ecf5) Importer(815301076,1909f56bfc062723c751e8b465ee728b)  -> (artifact id: '8c88a115bc248fbf78b9af569aa4a6b9') in 0.020789 seconds 
========================================================================
Received Import Request.
  Time since last request: 6.921191 seconds.
  path: Assets/Prefab/ScrapWall1.prefab
  artifactKey: Guid(9e16d8522123f9a4cb7b602ddb487fd1) Importer(815301076,1909f56bfc062723c751e8b465ee728b)
Start importing Assets/Prefab/ScrapWall1.prefab using Guid(9e16d8522123f9a4cb7b602ddb487fd1) Importer(815301076,1909f56bfc062723c751e8b465ee728b)  -> (artifact id: '9b2c87e8bec589b96eef1a985b58f26d') in 0.025068 seconds 
========================================================================
Received Import Request.
  Time since last request: 0.000027 seconds.
  path: Assets/Prefab/ScrapWall3.prefab
  artifactKey: Guid(bb9039fb3512af14291f404224e08be6) Importer(815301076,1909f56bfc062723c751e8b465ee728b)
Start importing Assets/Prefab/ScrapWall3.prefab using Guid(bb9039fb3512af14291f404224e08be6) Importer(815301076,1909f56bfc062723c751e8b465ee728b)  -> (artifact id: '85a711cf82ebfb5d88e28848b9b54d8d') in 0.029133 seconds 
========================================================================
Received Import Request.
  Time since last request: 110.886971 seconds.
  path: Assets/Prefab/ScrapDoor1.prefab
  artifactKey: Guid(fdcfecccb54f23047a62fcb811e736b9) Importer(815301076,1909f56bfc062723c751e8b465ee728b)
Start importing Assets/Prefab/ScrapDoor1.prefab using Guid(fdcfecccb54f23047a62fcb811e736b9) Importer(815301076,1909f56bfc062723c751e8b465ee728b)  -> (artifact id: '093eaef1989ef1d87509e1e65c6d2a7b') in 0.162679 seconds 
========================================================================
Received Import Request.
  Time since last request: 0.000033 seconds.
  path: Assets/Prefab/ScrapDoor3.prefab
  artifactKey: Guid(cfa686c185a38b74a9a7372cad451e23) Importer(815301076,1909f56bfc062723c751e8b465ee728b)
Start importing Assets/Prefab/ScrapDoor3.prefab using Guid(cfa686c185a38b74a9a7372cad451e23) Importer(815301076,1909f56bfc062723c751e8b465ee728b)  -> (artifact id: 'd0064e28c37b2d1ca7b0c10d3a294b8a') in 0.019409 seconds 
========================================================================
Received Import Request.
  Time since last request: 93.893323 seconds.
  path: Assets/Prefab/ScrapFloor1.prefab
  artifactKey: Guid(cc6d6396173cd7049ab821856ef35d12) Importer(815301076,1909f56bfc062723c751e8b465ee728b)
Start importing Assets/Prefab/ScrapFloor1.prefab using Guid(cc6d6396173cd7049ab821856ef35d12) Importer(815301076,1909f56bfc062723c751e8b465ee728b)  -> (artifact id: 'a4253d4132af0aa171c42fd09733d2c5') in 0.056425 seconds 
========================================================================
Received Import Request.
  Time since last request: 121.176453 seconds.
  path: Assets/Prefab/ScrapPiller1.prefab
  artifactKey: Guid(f3a6f6d8a66768c449e523f3a29fd747) Importer(815301076,1909f56bfc062723c751e8b465ee728b)
Start importing Assets/Prefab/ScrapPiller1.prefab using Guid(f3a6f6d8a66768c449e523f3a29fd747) Importer(815301076,1909f56bfc062723c751e8b465ee728b)  -> (artifact id: '147820ead97a1de51040525247f60808') in 0.143801 seconds 
========================================================================
Received Import Request.
  Time since last request: 107.905167 seconds.
  path: Assets/Prefab/ScrapWindow1.prefab
  artifactKey: Guid(b7c500b7bb6ebec4e9a55887b8dc9848) Importer(815301076,1909f56bfc062723c751e8b465ee728b)
Start importing Assets/Prefab/ScrapWindow1.prefab using Guid(b7c500b7bb6ebec4e9a55887b8dc9848) Importer(815301076,1909f56bfc062723c751e8b465ee728b)  -> (artifact id: '1bb7475cce553470ab5e668961b03846') in 0.057223 seconds 
========================================================================
Received Import Request.
  Time since last request: 0.000031 seconds.
  path: Assets/Prefab/ScrapWindow3.prefab
  artifactKey: Guid(107ed491dbaa36f4a9f21a104d566421) Importer(815301076,1909f56bfc062723c751e8b465ee728b)
Start importing Assets/Prefab/ScrapWindow3.prefab using Guid(107ed491dbaa36f4a9f21a104d566421) Importer(815301076,1909f56bfc062723c751e8b465ee728b)  -> (artifact id: '3b7dc2c1507fe5f6e9ee80741f3a5279') in 0.019104 seconds 
========================================================================
Received Import Request.
  Time since last request: 19.258800 seconds.
  path: Assets/Art/Framing.mat
  artifactKey: Guid(cffae7232fc4b70448bcd526d9ac0993) Importer(815301076,1909f56bfc062723c751e8b465ee728b)
Start importing Assets/Art/Framing.mat using Guid(cffae7232fc4b70448bcd526d9ac0993) Importer(815301076,1909f56bfc062723c751e8b465ee728b)  -> (artifact id: '682ec8d2f5a710ce8648836466378df8') in 0.058942 seconds 
========================================================================
Received Import Request.
  Time since last request: 15.903879 seconds.
  path: Assets/Prefab/BluePrintPlatform.prefab
  artifactKey: Guid(82855fc2aa1dcab4481b6f4f56f25635) Importer(815301076,1909f56bfc062723c751e8b465ee728b)
Start importing Assets/Prefab/BluePrintPlatform.prefab using Guid(82855fc2aa1dcab4481b6f4f56f25635) Importer(815301076,1909f56bfc062723c751e8b465ee728b)  -> (artifact id: '8e2290e9367bfd3543251381e38cf48e') in 0.022713 seconds 
========================================================================
Received Import Request.
  Time since last request: 0.000034 seconds.
  path: Assets/Prefab/ScrapWall3.prefab
  artifactKey: Guid(bb9039fb3512af14291f404224e08be6) Importer(815301076,1909f56bfc062723c751e8b465ee728b)
Start importing Assets/Prefab/ScrapWall3.prefab using Guid(bb9039fb3512af14291f404224e08be6) Importer(815301076,1909f56bfc062723c751e8b465ee728b)  -> (artifact id: 'd1727f08f47bba157b2100665712753c') in 0.019540 seconds 
========================================================================
Received Import Request.
  Time since last request: 0.000027 seconds.
  path: Assets/Prefab/Platform.prefab
  artifactKey: Guid(ef93f0c5e00149c4ebe44763d475260f) Importer(815301076,1909f56bfc062723c751e8b465ee728b)
Start importing Assets/Prefab/Platform.prefab using Guid(ef93f0c5e00149c4ebe44763d475260f) Importer(815301076,1909f56bfc062723c751e8b465ee728b)  -> (artifact id: '24bf1f93199cfa81dfbed0315bfaa157') in 0.030437 seconds 
========================================================================
Received Import Request.
  Time since last request: 57.224976 seconds.
  path: Assets/Prefab/ScrapWall2.prefab
  artifactKey: Guid(73de4c72e5775f44ba6e1475833bc38b) Importer(815301076,1909f56bfc062723c751e8b465ee728b)
Start importing Assets/Prefab/ScrapWall2.prefab using Guid(73de4c72e5775f44ba6e1475833bc38b) Importer(815301076,1909f56bfc062723c751e8b465ee728b)  -> (artifact id: '7f046d20ae7471fa8e25af288db83d60') in 0.057489 seconds 
========================================================================
Received Import Request.
  Time since last request: 5.900770 seconds.
  path: Assets/Prefab/ScrapWall1.prefab
  artifactKey: Guid(9e16d8522123f9a4cb7b602ddb487fd1) Importer(815301076,1909f56bfc062723c751e8b465ee728b)
Start importing Assets/Prefab/ScrapWall1.prefab using Guid(9e16d8522123f9a4cb7b602ddb487fd1) Importer(815301076,1909f56bfc062723c751e8b465ee728b)  -> (artifact id: '0647c54edf2e6991fd7f67823dda1c41') in 0.045420 seconds 
========================================================================
Received Import Request.
  Time since last request: 17.954594 seconds.
  path: Assets/Prefab/ScrapWall1.prefab
  artifactKey: Guid(9e16d8522123f9a4cb7b602ddb487fd1) Importer(815301076,1909f56bfc062723c751e8b465ee728b)
Start importing Assets/Prefab/ScrapWall1.prefab using Guid(9e16d8522123f9a4cb7b602ddb487fd1) Importer(815301076,1909f56bfc062723c751e8b465ee728b)  -> (artifact id: '62711b79bdf0a500cbf35bbedd47db25') in 0.022170 seconds 
========================================================================
Received Import Request.
  Time since last request: 148.727645 seconds.
  path: Assets/Prefab/ScrapWindow1.prefab
  artifactKey: Guid(b7c500b7bb6ebec4e9a55887b8dc9848) Importer(815301076,1909f56bfc062723c751e8b465ee728b)
Start importing Assets/Prefab/ScrapWindow1.prefab using Guid(b7c500b7bb6ebec4e9a55887b8dc9848) Importer(815301076,1909f56bfc062723c751e8b465ee728b)  -> (artifact id: '065be086dfc21841fc060ac925f5952b') in 0.118875 seconds 
========================================================================
Received Import Request.
  Time since last request: 7.703886 seconds.
  path: Assets/Prefab/ScrapWindow2.prefab
  artifactKey: Guid(8a386c93296116441a5f86ce8c9c148f) Importer(815301076,1909f56bfc062723c751e8b465ee728b)
Start importing Assets/Prefab/ScrapWindow2.prefab using Guid(8a386c93296116441a5f86ce8c9c148f) Importer(815301076,1909f56bfc062723c751e8b465ee728b)  -> (artifact id: '5c907ad054126b35d4514df305329368') in 0.015062 seconds 
========================================================================
Received Import Request.
  Time since last request: 22.137821 seconds.
  path: Assets/Prefab/ScrapWindow2.prefab
  artifactKey: Guid(8a386c93296116441a5f86ce8c9c148f) Importer(815301076,1909f56bfc062723c751e8b465ee728b)
Start importing Assets/Prefab/ScrapWindow2.prefab using Guid(8a386c93296116441a5f86ce8c9c148f) Importer(815301076,1909f56bfc062723c751e8b465ee728b)  -> (artifact id: '82fd5d0d39635b5268c97601cfe3580b') in 0.014581 seconds 
========================================================================
Received Import Request.
  Time since last request: 15.840962 seconds.
  path: Assets/Prefab/ScrapWindow2.prefab
  artifactKey: Guid(8a386c93296116441a5f86ce8c9c148f) Importer(815301076,1909f56bfc062723c751e8b465ee728b)
Start importing Assets/Prefab/ScrapWindow2.prefab using Guid(8a386c93296116441a5f86ce8c9c148f) Importer(815301076,1909f56bfc062723c751e8b465ee728b)  -> (artifact id: '965910093510f07389b14de02dc91e98') in 0.015326 seconds 
========================================================================
Received Import Request.
  Time since last request: 14.250013 seconds.
  path: Assets/Prefab/ScrapWindow2.prefab
  artifactKey: Guid(8a386c93296116441a5f86ce8c9c148f) Importer(815301076,1909f56bfc062723c751e8b465ee728b)
Start importing Assets/Prefab/ScrapWindow2.prefab using Guid(8a386c93296116441a5f86ce8c9c148f) Importer(815301076,1909f56bfc062723c751e8b465ee728b)  -> (artifact id: 'c978c7c7895c34e28c7164995665eee5') in 0.016300 seconds 
========================================================================
Received Import Request.
  Time since last request: 11.264758 seconds.
  path: Assets/Prefab/ScrapWindow2.prefab
  artifactKey: Guid(8a386c93296116441a5f86ce8c9c148f) Importer(815301076,1909f56bfc062723c751e8b465ee728b)
Start importing Assets/Prefab/ScrapWindow2.prefab using Guid(8a386c93296116441a5f86ce8c9c148f) Importer(815301076,1909f56bfc062723c751e8b465ee728b)  -> (artifact id: 'e4541d7da6ad3c9bc7c07cfc823f2dad') in 0.017948 seconds 
========================================================================
Received Import Request.
  Time since last request: 22.785755 seconds.
  path: Assets/Prefab/ScrapWindow2.prefab
  artifactKey: Guid(8a386c93296116441a5f86ce8c9c148f) Importer(815301076,1909f56bfc062723c751e8b465ee728b)
Start importing Assets/Prefab/ScrapWindow2.prefab using Guid(8a386c93296116441a5f86ce8c9c148f) Importer(815301076,1909f56bfc062723c751e8b465ee728b)  -> (artifact id: '13a755cb847d70d280bda49e19aa9de7') in 0.014243 seconds 
========================================================================
Received Import Request.
  Time since last request: 4.563951 seconds.
  path: Assets/Prefab/ScrapWindow2.prefab
  artifactKey: Guid(8a386c93296116441a5f86ce8c9c148f) Importer(815301076,1909f56bfc062723c751e8b465ee728b)
Start importing Assets/Prefab/ScrapWindow2.prefab using Guid(8a386c93296116441a5f86ce8c9c148f) Importer(815301076,1909f56bfc062723c751e8b465ee728b)  -> (artifact id: '348adefff15a11471c3b2f768b0d7f33') in 0.014894 seconds 
========================================================================
Received Import Request.
  Time since last request: 18.310672 seconds.
  path: Assets/Prefab/ScrapWindow3.prefab
  artifactKey: Guid(107ed491dbaa36f4a9f21a104d566421) Importer(815301076,1909f56bfc062723c751e8b465ee728b)
Start importing Assets/Prefab/ScrapWindow3.prefab using Guid(107ed491dbaa36f4a9f21a104d566421) Importer(815301076,1909f56bfc062723c751e8b465ee728b)  -> (artifact id: 'ca00719a0f0d4a20aa1e8b88f23f7473') in 0.015099 seconds 
========================================================================
Received Import Request.
  Time since last request: 13.035263 seconds.
  path: Assets/Prefab/ScrapWindow3.prefab
  artifactKey: Guid(107ed491dbaa36f4a9f21a104d566421) Importer(815301076,1909f56bfc062723c751e8b465ee728b)
Start importing Assets/Prefab/ScrapWindow3.prefab using Guid(107ed491dbaa36f4a9f21a104d566421) Importer(815301076,1909f56bfc062723c751e8b465ee728b)  -> (artifact id: '8236a2bdc19affc5fa4f736eea21e8b3') in 0.015838 seconds 
========================================================================
Received Import Request.
  Time since last request: 12.527102 seconds.
  path: Assets/Prefab/ScrapWindow3.prefab
  artifactKey: Guid(107ed491dbaa36f4a9f21a104d566421) Importer(815301076,1909f56bfc062723c751e8b465ee728b)
Start importing Assets/Prefab/ScrapWindow3.prefab using Guid(107ed491dbaa36f4a9f21a104d566421) Importer(815301076,1909f56bfc062723c751e8b465ee728b)  -> (artifact id: '7870c2a1e37011376ce0e763d8695e50') in 0.015829 seconds 
========================================================================
Received Import Request.
  Time since last request: 9.623181 seconds.
  path: Assets/Prefab/ScrapWindow3.prefab
  artifactKey: Guid(107ed491dbaa36f4a9f21a104d566421) Importer(815301076,1909f56bfc062723c751e8b465ee728b)
Start importing Assets/Prefab/ScrapWindow3.prefab using Guid(107ed491dbaa36f4a9f21a104d566421) Importer(815301076,1909f56bfc062723c751e8b465ee728b)  -> (artifact id: 'f8202ea2730577dfad9f883aff8723d9') in 0.014651 seconds 
========================================================================
Received Import Request.
  Time since last request: 11.452537 seconds.
  path: Assets/Prefab/ScrapWindow3.prefab
  artifactKey: Guid(107ed491dbaa36f4a9f21a104d566421) Importer(815301076,1909f56bfc062723c751e8b465ee728b)
Start importing Assets/Prefab/ScrapWindow3.prefab using Guid(107ed491dbaa36f4a9f21a104d566421) Importer(815301076,1909f56bfc062723c751e8b465ee728b)  -> (artifact id: '00c51666aac078791e2aeb71b0a49e37') in 0.019379 seconds 
========================================================================
Received Import Request.
  Time since last request: 26.992451 seconds.
  path: Assets/Prefab/ScrapWindow2.prefab
  artifactKey: Guid(8a386c93296116441a5f86ce8c9c148f) Importer(815301076,1909f56bfc062723c751e8b465ee728b)
Start importing Assets/Prefab/ScrapWindow2.prefab using Guid(8a386c93296116441a5f86ce8c9c148f) Importer(815301076,1909f56bfc062723c751e8b465ee728b)  -> (artifact id: '2d6e7fb6c37cdc678397252015eba8f9') in 0.028763 seconds 
========================================================================
Received Import Request.
  Time since last request: 7.683886 seconds.
  path: Assets/Prefab/ScrapPiller3.prefab
  artifactKey: Guid(2705a610fa67dee458747fc82fc6a846) Importer(815301076,1909f56bfc062723c751e8b465ee728b)
Start importing Assets/Prefab/ScrapPiller3.prefab using Guid(2705a610fa67dee458747fc82fc6a846) Importer(815301076,1909f56bfc062723c751e8b465ee728b)  -> (artifact id: 'a280d91821e8b96aec393cfb7db59155') in 0.014831 seconds 
========================================================================
Received Import Request.
  Time since last request: 12.954712 seconds.
  path: Assets/Prefab/ScrapPiller3.prefab
  artifactKey: Guid(2705a610fa67dee458747fc82fc6a846) Importer(815301076,1909f56bfc062723c751e8b465ee728b)
Start importing Assets/Prefab/ScrapPiller3.prefab using Guid(2705a610fa67dee458747fc82fc6a846) Importer(815301076,1909f56bfc062723c751e8b465ee728b)  -> (artifact id: '900ea7f114674614edd14682a6c756b4') in 0.022406 seconds 
========================================================================
Received Import Request.
  Time since last request: 12.230878 seconds.
  path: Assets/Prefab/ScrapPiller2.prefab
  artifactKey: Guid(e2be5f197f342d440b63eb5ce4829575) Importer(815301076,1909f56bfc062723c751e8b465ee728b)
Start importing Assets/Prefab/ScrapPiller2.prefab using Guid(e2be5f197f342d440b63eb5ce4829575) Importer(815301076,1909f56bfc062723c751e8b465ee728b)  -> (artifact id: '75f7f96cc1c8da19a05074867d5bc72e') in 0.037931 seconds 
========================================================================
Received Import Request.
  Time since last request: 13.192516 seconds.
  path: Assets/Prefab/ScrapPiller1.prefab
  artifactKey: Guid(f3a6f6d8a66768c449e523f3a29fd747) Importer(815301076,1909f56bfc062723c751e8b465ee728b)
Start importing Assets/Prefab/ScrapPiller1.prefab using Guid(f3a6f6d8a66768c449e523f3a29fd747) Importer(815301076,1909f56bfc062723c751e8b465ee728b)  -> (artifact id: 'b0e18f5fffcf1ba23021a87ad56f3e1f') in 0.022375 seconds 
========================================================================
Received Import Request.
  Time since last request: 4.236170 seconds.
  path: Assets/Prefab/ScrapFloor1.prefab
  artifactKey: Guid(cc6d6396173cd7049ab821856ef35d12) Importer(815301076,1909f56bfc062723c751e8b465ee728b)
Start importing Assets/Prefab/ScrapFloor1.prefab using Guid(cc6d6396173cd7049ab821856ef35d12) Importer(815301076,1909f56bfc062723c751e8b465ee728b)  -> (artifact id: 'd5857b99de9970a84c027015f6ae5c5a') in 0.018201 seconds 
========================================================================
Received Import Request.
  Time since last request: 9.417471 seconds.
  path: Assets/Prefab/ScrapFloor1.prefab
  artifactKey: Guid(cc6d6396173cd7049ab821856ef35d12) Importer(815301076,1909f56bfc062723c751e8b465ee728b)
Start importing Assets/Prefab/ScrapFloor1.prefab using Guid(cc6d6396173cd7049ab821856ef35d12) Importer(815301076,1909f56bfc062723c751e8b465ee728b)  -> (artifact id: 'e96cff26549c1c00f81f28104e4f432f') in 0.022284 seconds 
========================================================================
Received Import Request.
  Time since last request: 15.726964 seconds.
  path: Assets/Prefab/ScrapFloor2.prefab
  artifactKey: Guid(984b43e959e8678438e60bbf8a0d8874) Importer(815301076,1909f56bfc062723c751e8b465ee728b)
Start importing Assets/Prefab/ScrapFloor2.prefab using Guid(984b43e959e8678438e60bbf8a0d8874) Importer(815301076,1909f56bfc062723c751e8b465ee728b)  -> (artifact id: '28066c77036b9c292c4d6f2fbb05f4df') in 0.022474 seconds 
========================================================================
Received Import Request.
  Time since last request: 27.079908 seconds.
  path: Assets/Prefab/ScrapFloor3.prefab
  artifactKey: Guid(0adce1f96460b0745b7ea9873038d1ce) Importer(815301076,1909f56bfc062723c751e8b465ee728b)
Start importing Assets/Prefab/ScrapFloor3.prefab using Guid(0adce1f96460b0745b7ea9873038d1ce) Importer(815301076,1909f56bfc062723c751e8b465ee728b)  -> (artifact id: '299a47c9d59a2f6252c6c9d4faa4d6e0') in 0.028709 seconds 
========================================================================
Received Import Request.
  Time since last request: 18.378495 seconds.
  path: Assets/Prefab/ScrapDoor1.prefab
  artifactKey: Guid(fdcfecccb54f23047a62fcb811e736b9) Importer(815301076,1909f56bfc062723c751e8b465ee728b)
Start importing Assets/Prefab/ScrapDoor1.prefab using Guid(fdcfecccb54f23047a62fcb811e736b9) Importer(815301076,1909f56bfc062723c751e8b465ee728b)  -> (artifact id: '141298b199656e1d0ee2e3a0c8b7a3db') in 0.043790 seconds 
========================================================================
Received Import Request.
  Time since last request: 7.468008 seconds.
  path: Assets/Prefab/ScrapDoor1.prefab
  artifactKey: Guid(fdcfecccb54f23047a62fcb811e736b9) Importer(815301076,1909f56bfc062723c751e8b465ee728b)
Start importing Assets/Prefab/ScrapDoor1.prefab using Guid(fdcfecccb54f23047a62fcb811e736b9) Importer(815301076,1909f56bfc062723c751e8b465ee728b)  -> (artifact id: '4fd1564221598d1db4be85f7a95ab2ae') in 0.018838 seconds 
========================================================================
Received Import Request.
  Time since last request: 1.884697 seconds.
  path: Assets/Prefab/ScrapDoor1.prefab
  artifactKey: Guid(fdcfecccb54f23047a62fcb811e736b9) Importer(815301076,1909f56bfc062723c751e8b465ee728b)
Start importing Assets/Prefab/ScrapDoor1.prefab using Guid(fdcfecccb54f23047a62fcb811e736b9) Importer(815301076,1909f56bfc062723c751e8b465ee728b)  -> (artifact id: '967e0babaec1f0711ead1b0183b29deb') in 0.019892 seconds 
========================================================================
Received Import Request.
  Time since last request: 3.606192 seconds.
  path: Assets/Prefab/ScrapDoor1.prefab
  artifactKey: Guid(fdcfecccb54f23047a62fcb811e736b9) Importer(815301076,1909f56bfc062723c751e8b465ee728b)
Start importing Assets/Prefab/ScrapDoor1.prefab using Guid(fdcfecccb54f23047a62fcb811e736b9) Importer(815301076,1909f56bfc062723c751e8b465ee728b)  -> (artifact id: '987e6cb625aa6f091c6d8f354a408014') in 0.018596 seconds 
========================================================================
Received Import Request.
  Time since last request: 2.811690 seconds.
  path: Assets/Prefab/ScrapDoor1.prefab
  artifactKey: Guid(fdcfecccb54f23047a62fcb811e736b9) Importer(815301076,1909f56bfc062723c751e8b465ee728b)
Start importing Assets/Prefab/ScrapDoor1.prefab using Guid(fdcfecccb54f23047a62fcb811e736b9) Importer(815301076,1909f56bfc062723c751e8b465ee728b)  -> (artifact id: '35accf288fe4035e8e5906fb60c00423') in 0.019618 seconds 
========================================================================
Received Import Request.
  Time since last request: 5.076565 seconds.
  path: Assets/Prefab/ScrapDoor1.prefab
  artifactKey: Guid(fdcfecccb54f23047a62fcb811e736b9) Importer(815301076,1909f56bfc062723c751e8b465ee728b)
Start importing Assets/Prefab/ScrapDoor1.prefab using Guid(fdcfecccb54f23047a62fcb811e736b9) Importer(815301076,1909f56bfc062723c751e8b465ee728b)  -> (artifact id: 'f647a7411b1f92776e4399e8e9fb6420') in 0.017995 seconds 
========================================================================
Received Import Request.
  Time since last request: 2.608864 seconds.
  path: Assets/Prefab/ScrapDoor1.prefab
  artifactKey: Guid(fdcfecccb54f23047a62fcb811e736b9) Importer(815301076,1909f56bfc062723c751e8b465ee728b)
Start importing Assets/Prefab/ScrapDoor1.prefab using Guid(fdcfecccb54f23047a62fcb811e736b9) Importer(815301076,1909f56bfc062723c751e8b465ee728b)  -> (artifact id: '063c8e3105b2a1e403b40f73a14c2a93') in 0.014937 seconds 
========================================================================
Received Import Request.
  Time since last request: 4.427143 seconds.
  path: Assets/Prefab/ScrapDoor1.prefab
  artifactKey: Guid(fdcfecccb54f23047a62fcb811e736b9) Importer(815301076,1909f56bfc062723c751e8b465ee728b)
Start importing Assets/Prefab/ScrapDoor1.prefab using Guid(fdcfecccb54f23047a62fcb811e736b9) Importer(815301076,1909f56bfc062723c751e8b465ee728b)  -> (artifact id: 'c7b60d78ce913c4cc4b557a3b0bef5ec') in 0.018853 seconds 
========================================================================
Received Import Request.
  Time since last request: 3.240183 seconds.
  path: Assets/Prefab/ScrapDoor1.prefab
  artifactKey: Guid(fdcfecccb54f23047a62fcb811e736b9) Importer(815301076,1909f56bfc062723c751e8b465ee728b)
Start importing Assets/Prefab/ScrapDoor1.prefab using Guid(fdcfecccb54f23047a62fcb811e736b9) Importer(815301076,1909f56bfc062723c751e8b465ee728b)  -> (artifact id: 'e24a16f46b29fae3a7b29b1378d3a4f3') in 0.014131 seconds 
========================================================================
Received Import Request.
  Time since last request: 3.240666 seconds.
  path: Assets/Prefab/ScrapDoor1.prefab
  artifactKey: Guid(fdcfecccb54f23047a62fcb811e736b9) Importer(815301076,1909f56bfc062723c751e8b465ee728b)
Start importing Assets/Prefab/ScrapDoor1.prefab using Guid(fdcfecccb54f23047a62fcb811e736b9) Importer(815301076,1909f56bfc062723c751e8b465ee728b)  -> (artifact id: '59835bf3dee2714cdd3628d63599f6dd') in 0.021674 seconds 
========================================================================
Received Import Request.
  Time since last request: 15.033910 seconds.
  path: Assets/Prefab/ScrapDoor1.prefab
  artifactKey: Guid(fdcfecccb54f23047a62fcb811e736b9) Importer(815301076,1909f56bfc062723c751e8b465ee728b)
Start importing Assets/Prefab/ScrapDoor1.prefab using Guid(fdcfecccb54f23047a62fcb811e736b9) Importer(815301076,1909f56bfc062723c751e8b465ee728b)  -> (artifact id: 'a511803a9a79c0ab86af595292cb830f') in 0.022577 seconds 
========================================================================
Received Import Request.
  Time since last request: 6.390035 seconds.
  path: Assets/Prefab/ScrapDoor2.prefab
  artifactKey: Guid(e31bcec25081ac141a836934512cfb98) Importer(815301076,1909f56bfc062723c751e8b465ee728b)
Start importing Assets/Prefab/ScrapDoor2.prefab using Guid(e31bcec25081ac141a836934512cfb98) Importer(815301076,1909f56bfc062723c751e8b465ee728b)  -> (artifact id: '84ce9d9639dce200e1079cab30c6ef83') in 0.022077 seconds 
========================================================================
Received Import Request.
  Time since last request: 10.567420 seconds.
  path: Assets/Prefab/ScrapDoor2.prefab
  artifactKey: Guid(e31bcec25081ac141a836934512cfb98) Importer(815301076,1909f56bfc062723c751e8b465ee728b)
Start importing Assets/Prefab/ScrapDoor2.prefab using Guid(e31bcec25081ac141a836934512cfb98) Importer(815301076,1909f56bfc062723c751e8b465ee728b)  -> (artifact id: '021f196ed6925ea5611f2a554c53276f') in 0.018736 seconds 
========================================================================
Received Import Request.
  Time since last request: 11.450395 seconds.
  path: Assets/Prefab/ScrapDoor3.prefab
  artifactKey: Guid(cfa686c185a38b74a9a7372cad451e23) Importer(815301076,1909f56bfc062723c751e8b465ee728b)
Start importing Assets/Prefab/ScrapDoor3.prefab using Guid(cfa686c185a38b74a9a7372cad451e23) Importer(815301076,1909f56bfc062723c751e8b465ee728b)  -> (artifact id: '5ecbc997ef668035b6a2d6efb6734f5b') in 0.021948 seconds 
========================================================================
Received Import Request.
  Time since last request: 24.249204 seconds.
  path: Assets/Prefab/ScrapDoor2.prefab
  artifactKey: Guid(e31bcec25081ac141a836934512cfb98) Importer(815301076,1909f56bfc062723c751e8b465ee728b)
Start importing Assets/Prefab/ScrapDoor2.prefab using Guid(e31bcec25081ac141a836934512cfb98) Importer(815301076,1909f56bfc062723c751e8b465ee728b)  -> (artifact id: '976d7cfae30e5b880a7dd2cad4472715') in 0.059920 seconds 
========================================================================
Received Import Request.
  Time since last request: 14.180266 seconds.
  path: Assets/Prefab/ScrapDoor2.prefab
  artifactKey: Guid(e31bcec25081ac141a836934512cfb98) Importer(815301076,1909f56bfc062723c751e8b465ee728b)
Start importing Assets/Prefab/ScrapDoor2.prefab using Guid(e31bcec25081ac141a836934512cfb98) Importer(815301076,1909f56bfc062723c751e8b465ee728b)  -> (artifact id: '8c35c58d159e5b66eb8368370b068c08') in 0.016262 seconds 
========================================================================
Received Import Request.
  Time since last request: 5.088357 seconds.
  path: Assets/Prefab/ScrapDoor3.prefab
  artifactKey: Guid(cfa686c185a38b74a9a7372cad451e23) Importer(815301076,1909f56bfc062723c751e8b465ee728b)
Start importing Assets/Prefab/ScrapDoor3.prefab using Guid(cfa686c185a38b74a9a7372cad451e23) Importer(815301076,1909f56bfc062723c751e8b465ee728b)  -> (artifact id: '9268a1222737f4a7b78ac8b62d2d61fc') in 0.018849 seconds 
========================================================================
Received Import Request.
  Time since last request: 9.271774 seconds.
  path: Assets/Prefab/ScrapDoor2.prefab
  artifactKey: Guid(e31bcec25081ac141a836934512cfb98) Importer(815301076,1909f56bfc062723c751e8b465ee728b)
Start importing Assets/Prefab/ScrapDoor2.prefab using Guid(e31bcec25081ac141a836934512cfb98) Importer(815301076,1909f56bfc062723c751e8b465ee728b)  -> (artifact id: 'f7a21e76a1a791be92a2be6ea917008a') in 0.015113 seconds 
========================================================================
Received Import Request.
  Time since last request: 4.844679 seconds.
  path: Assets/Prefab/ScrapDoor3.prefab
  artifactKey: Guid(cfa686c185a38b74a9a7372cad451e23) Importer(815301076,1909f56bfc062723c751e8b465ee728b)
Start importing Assets/Prefab/ScrapDoor3.prefab using Guid(cfa686c185a38b74a9a7372cad451e23) Importer(815301076,1909f56bfc062723c751e8b465ee728b)  -> (artifact id: '20e1f6788475ad84d9f4b3dc39b2fc59') in 0.015047 seconds 
========================================================================
Received Import Request.
  Time since last request: 10.353221 seconds.
  path: Assets/Prefab/ScrapDoor3.prefab
  artifactKey: Guid(cfa686c185a38b74a9a7372cad451e23) Importer(815301076,1909f56bfc062723c751e8b465ee728b)
Start importing Assets/Prefab/ScrapDoor3.prefab using Guid(cfa686c185a38b74a9a7372cad451e23) Importer(815301076,1909f56bfc062723c751e8b465ee728b)  -> (artifact id: '2e6652dfbdfba3994f6d8fc1adba3dc1') in 0.018527 seconds 
========================================================================
Received Import Request.
  Time since last request: 29.861652 seconds.
  path: Assets/Prefab/ScrapDoor2.prefab
  artifactKey: Guid(e31bcec25081ac141a836934512cfb98) Importer(815301076,1909f56bfc062723c751e8b465ee728b)
Start importing Assets/Prefab/ScrapDoor2.prefab using Guid(e31bcec25081ac141a836934512cfb98) Importer(815301076,1909f56bfc062723c751e8b465ee728b)  -> (artifact id: 'f6e4f6a49d9eccc573c578effcfdeb40') in 0.078451 seconds 
========================================================================
Received Import Request.
  Time since last request: 59.385421 seconds.
  path: Assets/Prefab/ScrapWall1.prefab
  artifactKey: Guid(9e16d8522123f9a4cb7b602ddb487fd1) Importer(815301076,1909f56bfc062723c751e8b465ee728b)
Start importing Assets/Prefab/ScrapWall1.prefab using Guid(9e16d8522123f9a4cb7b602ddb487fd1) Importer(815301076,1909f56bfc062723c751e8b465ee728b)  -> (artifact id: '369116c4dc99e54e995b2c6a5a160dd9') in 0.065277 seconds 
========================================================================
Received Import Request.
  Time since last request: 0.000029 seconds.
  path: Assets/Prefab/ScrapWindow1.prefab
  artifactKey: Guid(b7c500b7bb6ebec4e9a55887b8dc9848) Importer(815301076,1909f56bfc062723c751e8b465ee728b)
Start importing Assets/Prefab/ScrapWindow1.prefab using Guid(b7c500b7bb6ebec4e9a55887b8dc9848) Importer(815301076,1909f56bfc062723c751e8b465ee728b)  -> (artifact id: '3bd14cd2caf7309e1b501448eab2ac30') in 0.025315 seconds 
========================================================================
Received Import Request.
  Time since last request: 0.000032 seconds.
  path: Assets/Prefab/ScrapWindow3.prefab
  artifactKey: Guid(107ed491dbaa36f4a9f21a104d566421) Importer(815301076,1909f56bfc062723c751e8b465ee728b)
Start importing Assets/Prefab/ScrapWindow3.prefab using Guid(107ed491dbaa36f4a9f21a104d566421) Importer(815301076,1909f56bfc062723c751e8b465ee728b)  -> (artifact id: 'd2e0bf26c1014ff295183e4f85a652ba') in 0.029419 seconds 
========================================================================
Received Import Request.
  Time since last request: 12.477765 seconds.
  path: Assets/Prefab/ScrapPiller2.prefab
  artifactKey: Guid(e2be5f197f342d440b63eb5ce4829575) Importer(815301076,1909f56bfc062723c751e8b465ee728b)
Start importing Assets/Prefab/ScrapPiller2.prefab using Guid(e2be5f197f342d440b63eb5ce4829575) Importer(815301076,1909f56bfc062723c751e8b465ee728b)  -> (artifact id: '67f531dc373e8db86eb21ffb9677c507') in 0.029919 seconds 
========================================================================
Received Import Request.
  Time since last request: 3.256676 seconds.
  path: Assets/Prefab/ScrapPiller2.prefab
  artifactKey: Guid(e2be5f197f342d440b63eb5ce4829575) Importer(815301076,1909f56bfc062723c751e8b465ee728b)
Start importing Assets/Prefab/ScrapPiller2.prefab using Guid(e2be5f197f342d440b63eb5ce4829575) Importer(815301076,1909f56bfc062723c751e8b465ee728b)  -> (artifact id: 'c5fc4c09a92ddb9d5d97347cfecbf426') in 0.025926 seconds 
========================================================================
Received Import Request.
  Time since last request: 6.384307 seconds.
  path: Assets/Prefab/ScrapDoor2.prefab
  artifactKey: Guid(e31bcec25081ac141a836934512cfb98) Importer(815301076,1909f56bfc062723c751e8b465ee728b)
Start importing Assets/Prefab/ScrapDoor2.prefab using Guid(e31bcec25081ac141a836934512cfb98) Importer(815301076,1909f56bfc062723c751e8b465ee728b)  -> (artifact id: '991c6debb1053bdd57bd7dda10ee7cfa') in 0.026510 seconds 
========================================================================
Received Import Request.
  Time since last request: 4.880368 seconds.
  path: Assets/Prefab/ScrapDoor2.prefab
  artifactKey: Guid(e31bcec25081ac141a836934512cfb98) Importer(815301076,1909f56bfc062723c751e8b465ee728b)
Start importing Assets/Prefab/ScrapDoor2.prefab using Guid(e31bcec25081ac141a836934512cfb98) Importer(815301076,1909f56bfc062723c751e8b465ee728b)  -> (artifact id: 'b3945013637f61ccb94d7d80e1cdb284') in 0.023225 seconds 
========================================================================
Received Import Request.
  Time since last request: 14.451733 seconds.
  path: Assets/Prefab/ScrapDoor2.prefab
  artifactKey: Guid(e31bcec25081ac141a836934512cfb98) Importer(815301076,1909f56bfc062723c751e8b465ee728b)
Start importing Assets/Prefab/ScrapDoor2.prefab using Guid(e31bcec25081ac141a836934512cfb98) Importer(815301076,1909f56bfc062723c751e8b465ee728b)  -> (artifact id: '26ae16ba892fb34aff43dc5e4241791a') in 0.051371 seconds 
========================================================================
Received Import Request.
  Time since last request: 0.000040 seconds.
  path: Assets/Prefab/ScrapPiller3.prefab
  artifactKey: Guid(2705a610fa67dee458747fc82fc6a846) Importer(815301076,1909f56bfc062723c751e8b465ee728b)
Start importing Assets/Prefab/ScrapPiller3.prefab using Guid(2705a610fa67dee458747fc82fc6a846) Importer(815301076,1909f56bfc062723c751e8b465ee728b)  -> (artifact id: '0bad0d3ae6e9d96dc2697017e3469539') in 0.020062 seconds 
========================================================================
Received Import Request.
  Time since last request: 0.000027 seconds.
  path: Assets/Prefab/ScrapFloor2.prefab
  artifactKey: Guid(984b43e959e8678438e60bbf8a0d8874) Importer(815301076,1909f56bfc062723c751e8b465ee728b)
Start importing Assets/Prefab/ScrapFloor2.prefab using Guid(984b43e959e8678438e60bbf8a0d8874) Importer(815301076,1909f56bfc062723c751e8b465ee728b)  -> (artifact id: '4741ffe4bf4df26497bd04c6dfa321c5') in 0.034026 seconds 
========================================================================
Received Import Request.
  Time since last request: 0.000038 seconds.
  path: Assets/Prefab/ScrapFloor3.prefab
  artifactKey: Guid(0adce1f96460b0745b7ea9873038d1ce) Importer(815301076,1909f56bfc062723c751e8b465ee728b)
Start importing Assets/Prefab/ScrapFloor3.prefab using Guid(0adce1f96460b0745b7ea9873038d1ce) Importer(815301076,1909f56bfc062723c751e8b465ee728b)  -> (artifact id: '14de4be94de369ba323c5a1db6a41388') in 0.023854 seconds 
========================================================================
Received Import Request.
  Time since last request: 0.000048 seconds.
  path: Assets/Prefab/ScrapWindow2.prefab
  artifactKey: Guid(8a386c93296116441a5f86ce8c9c148f) Importer(815301076,1909f56bfc062723c751e8b465ee728b)
Start importing Assets/Prefab/ScrapWindow2.prefab using Guid(8a386c93296116441a5f86ce8c9c148f) Importer(815301076,1909f56bfc062723c751e8b465ee728b)  -> (artifact id: '469f66b18003f08839721a33f1306517') in 0.020033 seconds 
========================================================================
Received Import Request.
  Time since last request: 373.751488 seconds.
  path: Assets/Prefab/ScrapFloor2.prefab
  artifactKey: Guid(984b43e959e8678438e60bbf8a0d8874) Importer(815301076,1909f56bfc062723c751e8b465ee728b)
Start importing Assets/Prefab/ScrapFloor2.prefab using Guid(984b43e959e8678438e60bbf8a0d8874) Importer(815301076,1909f56bfc062723c751e8b465ee728b)  -> (artifact id: 'f039952cfb8f58800e1e545c823caa5c') in 0.104463 seconds 
========================================================================
Received Import Request.
  Time since last request: 3.747041 seconds.
  path: Assets/Prefab/ScrapFloor2.prefab
  artifactKey: Guid(984b43e959e8678438e60bbf8a0d8874) Importer(815301076,1909f56bfc062723c751e8b465ee728b)
Start importing Assets/Prefab/ScrapFloor2.prefab using Guid(984b43e959e8678438e60bbf8a0d8874) Importer(815301076,1909f56bfc062723c751e8b465ee728b)  -> (artifact id: '3be713242eb7a23c7a484fbdaee0d91a') in 0.019382 seconds 
========================================================================
Received Import Request.
  Time since last request: 5.578929 seconds.
  path: Assets/Prefab/ScrapFloor3.prefab
  artifactKey: Guid(0adce1f96460b0745b7ea9873038d1ce) Importer(815301076,1909f56bfc062723c751e8b465ee728b)
Start importing Assets/Prefab/ScrapFloor3.prefab using Guid(0adce1f96460b0745b7ea9873038d1ce) Importer(815301076,1909f56bfc062723c751e8b465ee728b)  -> (artifact id: '503c2236d8e1d174fe1089ab16bd8dd4') in 0.021166 seconds 
========================================================================
Received Import Request.
  Time since last request: 6.096876 seconds.
  path: Assets/Prefab/ScrapFloor3.prefab
  artifactKey: Guid(0adce1f96460b0745b7ea9873038d1ce) Importer(815301076,1909f56bfc062723c751e8b465ee728b)
Start importing Assets/Prefab/ScrapFloor3.prefab using Guid(0adce1f96460b0745b7ea9873038d1ce) Importer(815301076,1909f56bfc062723c751e8b465ee728b)  -> (artifact id: '12f84ffcbc3a83b2de4fdf0c66769f0f') in 0.020030 seconds 
========================================================================
Received Import Request.
  Time since last request: 436.288302 seconds.
  path: Assets/Prefab/ScrapFloor1.prefab
  artifactKey: Guid(cc6d6396173cd7049ab821856ef35d12) Importer(815301076,1909f56bfc062723c751e8b465ee728b)
Start importing Assets/Prefab/ScrapFloor1.prefab using Guid(cc6d6396173cd7049ab821856ef35d12) Importer(815301076,1909f56bfc062723c751e8b465ee728b)  -> (artifact id: 'b829026817e6cc74ac1b580ce6b6c575') in 0.074702 seconds 
========================================================================
Received Import Request.
  Time since last request: 11.827604 seconds.
  path: Assets/Prefab/ScrapFloor1.prefab
  artifactKey: Guid(cc6d6396173cd7049ab821856ef35d12) Importer(815301076,1909f56bfc062723c751e8b465ee728b)
Start importing Assets/Prefab/ScrapFloor1.prefab using Guid(cc6d6396173cd7049ab821856ef35d12) Importer(815301076,1909f56bfc062723c751e8b465ee728b)  -> (artifact id: 'fcd01e1ff2408681728a262a9bcf9946') in 0.071359 seconds 
========================================================================
Received Import Request.
  Time since last request: 1189.753932 seconds.
  path: Assets/Moddels/Rock1.fbx
  artifactKey: Guid(73bc9a4e2dc5e7b41a19275c68d83575) Importer(815301076,1909f56bfc062723c751e8b465ee728b)
Start importing Assets/Moddels/Rock1.fbx using Guid(73bc9a4e2dc5e7b41a19275c68d83575) Importer(815301076,1909f56bfc062723c751e8b465ee728b)  -> (artifact id: '5bb5258b128b17d44e7f8e55bf564a4b') in 0.320561 seconds 
========================================================================
Received Import Request.
  Time since last request: 123.964462 seconds.
  path: Assets/Prefab/Rock2.prefab
  artifactKey: Guid(c5b26b617e10cc54fa306eee634c2ced) Importer(815301076,1909f56bfc062723c751e8b465ee728b)
Start importing Assets/Prefab/Rock2.prefab using Guid(c5b26b617e10cc54fa306eee634c2ced) Importer(815301076,1909f56bfc062723c751e8b465ee728b)  -> (artifact id: '006aedb53660de10eb5010e4db7cd164') in 0.054800 seconds 
========================================================================
Received Import Request.
  Time since last request: 6.304325 seconds.
  path: Assets/Prefab/Outside Island/Outside island 1.prefab
  artifactKey: Guid(c8f9bff5c419a5f44a2243403849878a) Importer(815301076,1909f56bfc062723c751e8b465ee728b)
Start importing Assets/Prefab/Outside Island/Outside island 1.prefab using Guid(c8f9bff5c419a5f44a2243403849878a) Importer(815301076,1909f56bfc062723c751e8b465ee728b)  -> (artifact id: '83b88eecc51a740b605ba5fa7cceafe7') in 0.019541 seconds 
========================================================================
Received Import Request.
  Time since last request: 0.000038 seconds.
  path: Assets/Prefab/Outside Island/Outside island 3.prefab
  artifactKey: Guid(957f7bf8aa4d4ec469419a01c0a72a40) Importer(815301076,1909f56bfc062723c751e8b465ee728b)
Start importing Assets/Prefab/Outside Island/Outside island 3.prefab using Guid(957f7bf8aa4d4ec469419a01c0a72a40) Importer(815301076,1909f56bfc062723c751e8b465ee728b)  -> (artifact id: '6e1821dab8373c795849e7c970589788') in 0.042059 seconds 
========================================================================
Received Import Request.
  Time since last request: 43.682003 seconds.
  path: Assets/Prefab/Rock1.prefab
  artifactKey: Guid(5b61ce7abc95cd2489411adde94fb8cb) Importer(815301076,1909f56bfc062723c751e8b465ee728b)
Start importing Assets/Prefab/Rock1.prefab using Guid(5b61ce7abc95cd2489411adde94fb8cb) Importer(815301076,1909f56bfc062723c751e8b465ee728b)  -> (artifact id: '70cdc4d77e4560d5c6b7bd2c804b5efb') in 0.078246 seconds 
========================================================================
Received Import Request.
  Time since last request: 319.102684 seconds.
  path: Assets/Prefab/Rock2.prefab
  artifactKey: Guid(c5b26b617e10cc54fa306eee634c2ced) Importer(815301076,1909f56bfc062723c751e8b465ee728b)
Start importing Assets/Prefab/Rock2.prefab using Guid(c5b26b617e10cc54fa306eee634c2ced) Importer(815301076,1909f56bfc062723c751e8b465ee728b)  -> (artifact id: '5c87a2af9cdfa3b05f41d4affc4043ba') in 0.063527 seconds 
========================================================================
Received Import Request.
  Time since last request: 4.807398 seconds.
  path: Assets/Prefab/Rock1.prefab
  artifactKey: Guid(5b61ce7abc95cd2489411adde94fb8cb) Importer(815301076,1909f56bfc062723c751e8b465ee728b)
Start importing Assets/Prefab/Rock1.prefab using Guid(5b61ce7abc95cd2489411adde94fb8cb) Importer(815301076,1909f56bfc062723c751e8b465ee728b)  -> (artifact id: 'dbbf0877a439173e4d30e79aa1f37db4') in 0.014720 seconds 
========================================================================
Received Import Request.
  Time since last request: 5.588947 seconds.
  path: Assets/Art/StylizedWater.shadergraph
  artifactKey: Guid(9a5219974c72f9749a9eae85280b8eae) Importer(815301076,1909f56bfc062723c751e8b465ee728b)
Start importing Assets/Art/StylizedWater.shadergraph using Guid(9a5219974c72f9749a9eae85280b8eae) Importer(815301076,1909f56bfc062723c751e8b465ee728b)  -> (artifact id: 'dd6d5418e5fb7242e6c2e33b8c5ecd34') in 0.009372 seconds 
========================================================================
Received Import Request.
  Time since last request: 43.389705 seconds.
  path: Assets/Art/Dark Wood.mat
  artifactKey: Guid(b506c3a25524c0f4eb81e5bb009dc540) Importer(815301076,1909f56bfc062723c751e8b465ee728b)
Start importing Assets/Art/Dark Wood.mat using Guid(b506c3a25524c0f4eb81e5bb009dc540) Importer(815301076,1909f56bfc062723c751e8b465ee728b)  -> (artifact id: '5ea15d728966ef783dddbf9ed2beee47') in 0.024287 seconds 
========================================================================
Received Import Request.
  Time since last request: 0.000039 seconds.
  path: Assets/Art/Water.mat
  artifactKey: Guid(3f3a8747cc9c2604fb2458153cd06fb0) Importer(815301076,1909f56bfc062723c751e8b465ee728b)
Start importing Assets/Art/Water.mat using Guid(3f3a8747cc9c2604fb2458153cd06fb0) Importer(815301076,1909f56bfc062723c751e8b465ee728b)  -> (artifact id: '8391071c6d6099b13ebff9be2b5818d7') in 0.044562 seconds 
========================================================================
Received Import Request.
  Time since last request: 0.009817 seconds.
  path: Assets/Art/StylizedWater.shadergraph
  artifactKey: Guid(9a5219974c72f9749a9eae85280b8eae) Importer(815301076,1909f56bfc062723c751e8b465ee728b)
Start importing Assets/Art/StylizedWater.shadergraph using Guid(9a5219974c72f9749a9eae85280b8eae) Importer(815301076,1909f56bfc062723c751e8b465ee728b)  -> (artifact id: '0e36527fd8109ae250cbedccc0b23eb7') in 0.002187 seconds 
========================================================================
Received Import Request.
  Time since last request: 3176.270053 seconds.
  path: Assets/Moddels/Islandfbx.fbx
  artifactKey: Guid(6d11d491c36b6914aaa4b107edae0c0e) Importer(815301076,1909f56bfc062723c751e8b465ee728b)
Start importing Assets/Moddels/Islandfbx.fbx using Guid(6d11d491c36b6914aaa4b107edae0c0e) Importer(815301076,1909f56bfc062723c751e8b465ee728b)  -> (artifact id: '81300875c2fddfa8d9caf12d417c05d7') in 0.238086 seconds 
========================================================================
Received Import Request.
  Time since last request: 8.679738 seconds.
  path: Assets/Prefab/Island/Island 1.prefab
  artifactKey: Guid(594de9e81b0f9a746a5f3b98904a6aa2) Importer(815301076,1909f56bfc062723c751e8b465ee728b)
Start importing Assets/Prefab/Island/Island 1.prefab using Guid(594de9e81b0f9a746a5f3b98904a6aa2) Importer(815301076,1909f56bfc062723c751e8b465ee728b)  -> (artifact id: '8ed0af4c2ad751f050d4dff91fe33bc9') in 0.037815 seconds 
========================================================================
Received Import Request.
  Time since last request: 8.953467 seconds.
  path: Assets/Prefab/BluePrintPlatform.prefab
  artifactKey: Guid(82855fc2aa1dcab4481b6f4f56f25635) Importer(815301076,1909f56bfc062723c751e8b465ee728b)
Start importing Assets/Prefab/BluePrintPlatform.prefab using Guid(82855fc2aa1dcab4481b6f4f56f25635) Importer(815301076,1909f56bfc062723c751e8b465ee728b)  -> (artifact id: 'ab09569de6595483dc342858449b7b3d') in 0.159213 seconds 
========================================================================
Received Import Request.
  Time since last request: 0.000034 seconds.
  path: Assets/Prefab/ScrapWall2.prefab
  artifactKey: Guid(73de4c72e5775f44ba6e1475833bc38b) Importer(815301076,1909f56bfc062723c751e8b465ee728b)
Start importing Assets/Prefab/ScrapWall2.prefab using Guid(73de4c72e5775f44ba6e1475833bc38b) Importer(815301076,1909f56bfc062723c751e8b465ee728b)  -> (artifact id: 'a398b32982df11503b9a1ae6d37b0983') in 0.026873 seconds 
========================================================================
Received Import Request.
  Time since last request: 0.000043 seconds.
  path: Assets/Prefab/ScrapWall3.prefab
  artifactKey: Guid(bb9039fb3512af14291f404224e08be6) Importer(815301076,1909f56bfc062723c751e8b465ee728b)
Start importing Assets/Prefab/ScrapWall3.prefab using Guid(bb9039fb3512af14291f404224e08be6) Importer(815301076,1909f56bfc062723c751e8b465ee728b)  -> (artifact id: '71ee45fff9b1d3bee795cce2fc121970') in 0.028333 seconds 
========================================================================
Received Import Request.
  Time since last request: 0.000029 seconds.
  path: Assets/Prefab/ScrapWindow1.prefab
  artifactKey: Guid(b7c500b7bb6ebec4e9a55887b8dc9848) Importer(815301076,1909f56bfc062723c751e8b465ee728b)
Start importing Assets/Prefab/ScrapWindow1.prefab using Guid(b7c500b7bb6ebec4e9a55887b8dc9848) Importer(815301076,1909f56bfc062723c751e8b465ee728b)  -> (artifact id: 'a147c5e182790e70d5d2f4f31dc7d7e4') in 0.029135 seconds 
========================================================================
Received Import Request.
  Time since last request: 0.000032 seconds.
  path: Assets/Prefab/ScrapFloor1.prefab
  artifactKey: Guid(cc6d6396173cd7049ab821856ef35d12) Importer(815301076,1909f56bfc062723c751e8b465ee728b)
Start importing Assets/Prefab/ScrapFloor1.prefab using Guid(cc6d6396173cd7049ab821856ef35d12) Importer(815301076,1909f56bfc062723c751e8b465ee728b)  -> (artifact id: '9be51ca3344a2d02417282ee62892796') in 0.032230 seconds 
========================================================================
Received Import Request.
  Time since last request: 0.000029 seconds.
  path: Assets/Prefab/ScrapFloor3.prefab
  artifactKey: Guid(0adce1f96460b0745b7ea9873038d1ce) Importer(815301076,1909f56bfc062723c751e8b465ee728b)
Start importing Assets/Prefab/ScrapFloor3.prefab using Guid(0adce1f96460b0745b7ea9873038d1ce) Importer(815301076,1909f56bfc062723c751e8b465ee728b)  -> (artifact id: '3f2162c73cdec71be45ad213f8ac6d57') in 0.029059 seconds 
========================================================================
Received Import Request.
  Time since last request: 0.000030 seconds.
  path: Assets/Prefab/Platform.prefab
  artifactKey: Guid(ef93f0c5e00149c4ebe44763d475260f) Importer(815301076,1909f56bfc062723c751e8b465ee728b)
Start importing Assets/Prefab/Platform.prefab using Guid(ef93f0c5e00149c4ebe44763d475260f) Importer(815301076,1909f56bfc062723c751e8b465ee728b)  -> (artifact id: '904127f730d500659cdb306bcff82ac9') in 0.030826 seconds 
========================================================================
Received Import Request.
  Time since last request: 0.000030 seconds.
  path: Assets/Prefab/ScrapDoor2.prefab
  artifactKey: Guid(e31bcec25081ac141a836934512cfb98) Importer(815301076,1909f56bfc062723c751e8b465ee728b)
Start importing Assets/Prefab/ScrapDoor2.prefab using Guid(e31bcec25081ac141a836934512cfb98) Importer(815301076,1909f56bfc062723c751e8b465ee728b)  -> (artifact id: 'eca23188c74a7a00e290b36fece23fdd') in 0.028544 seconds 
========================================================================
Received Import Request.
  Time since last request: 0.000036 seconds.
  path: Assets/Prefab/ScrapDoor1.prefab
  artifactKey: Guid(fdcfecccb54f23047a62fcb811e736b9) Importer(815301076,1909f56bfc062723c751e8b465ee728b)
Start importing Assets/Prefab/ScrapDoor1.prefab using Guid(fdcfecccb54f23047a62fcb811e736b9) Importer(815301076,1909f56bfc062723c751e8b465ee728b)  -> (artifact id: '02e410a240b7261ea0fb83ffdfff5db5') in 0.030450 seconds 
========================================================================
Received Import Request.
  Time since last request: 0.000046 seconds.
  path: Assets/Prefab/ScrapPiller2.prefab
  artifactKey: Guid(e2be5f197f342d440b63eb5ce4829575) Importer(815301076,1909f56bfc062723c751e8b465ee728b)
Start importing Assets/Prefab/ScrapPiller2.prefab using Guid(e2be5f197f342d440b63eb5ce4829575) Importer(815301076,1909f56bfc062723c751e8b465ee728b)  -> (artifact id: 'f897f399fbca553664c8132a4abf3a11') in 0.031422 seconds 
Editor requested this worker to shutdown with reason: Scaling down because of idle timeout
AssetImportWorker is now disconnected from the server
Process exiting
Exiting without the bug reporter. Application will terminate with return code 0