Using pre-set license
Built from '2021.3/staging' branch; Version is '2021.3.10f1 (1c7d0df0160b) revision 1867021'; Using compiler version '192829333'; Build Type 'Release'
OS: 'Windows 11  (10.0.22621) 64bit Professional' Language: 'en' Physical Memory: 32693 MB
BatchMode: 1, IsHumanControllingUs: 0, StartBugReporterOnCrash: 0, Is64bit: 1, IsPro: 1

COMMAND LINE ARGUMENTS:
C:\Program Files\Unity\Hub\Editor\2021.3.10f1\Editor\Unity.exe
-adb2
-batchMode
-noUpm
-name
AssetImportWorker3
-projectPath
C:/Users/aaron/Documents/GitHub/fishing/Fishing Game
-logFile
Logs/AssetImportWorker3.log
-srvPort
59334
Successfully changed project path to: C:/Users/aaron/Documents/GitHub/fishing/Fishing Game
C:/Users/aaron/Documents/GitHub/fishing/Fishing Game
[UnityMemory] Configuration Parameters - Can be set up in boot.config
    "memorysetup-bucket-allocator-granularity=16"
    "memorysetup-bucket-allocator-bucket-count=8"
    "memorysetup-bucket-allocator-block-size=33554432"
    "memorysetup-bucket-allocator-block-count=8"
    "memorysetup-main-allocator-block-size=16777216"
    "memorysetup-thread-allocator-block-size=16777216"
    "memorysetup-gfx-main-allocator-block-size=16777216"
    "memorysetup-gfx-thread-allocator-block-size=16777216"
    "memorysetup-cache-allocator-block-size=4194304"
    "memorysetup-typetree-allocator-block-size=2097152"
    "memorysetup-profiler-bucket-allocator-granularity=16"
    "memorysetup-profiler-bucket-allocator-bucket-count=8"
    "memorysetup-profiler-bucket-allocator-block-size=33554432"
    "memorysetup-profiler-bucket-allocator-block-count=8"
    "memorysetup-profiler-allocator-block-size=16777216"
    "memorysetup-profiler-editor-allocator-block-size=1048576"
    "memorysetup-temp-allocator-size-main=16777216"
    "memorysetup-job-temp-allocator-block-size=2097152"
    "memorysetup-job-temp-allocator-block-size-background=1048576"
    "memorysetup-job-temp-allocator-reduction-small-platforms=262144"
    "memorysetup-temp-allocator-size-background-worker=32768"
    "memorysetup-temp-allocator-size-job-worker=262144"
    "memorysetup-temp-allocator-size-preload-manager=33554432"
    "memorysetup-temp-allocator-size-nav-mesh-worker=65536"
    "memorysetup-temp-allocator-size-audio-worker=65536"
    "memorysetup-temp-allocator-size-cloud-worker=32768"
    "memorysetup-temp-allocator-size-gi-baking-worker=262144"
    "memorysetup-temp-allocator-size-gfx=262144"
Refreshing native plugins compatible for Editor in 119.50 ms, found 3 plugins.
Preloading 0 native plugins for Editor in 0.00 ms.
Initialize engine version: 2021.3.10f1 (1c7d0df0160b)
[Subsystems] Discovering subsystems at path C:/Program Files/Unity/Hub/Editor/2021.3.10f1/Editor/Data/Resources/UnitySubsystems
[Subsystems] Discovering subsystems at path C:/Users/aaron/Documents/GitHub/fishing/Fishing Game/Assets
GfxDevice: creating device client; threaded=0; jobified=0
Direct3D:
    Version:  Direct3D 11.0 [level 11.1]
    Renderer: Radeon RX 560 Series (ID=0x67ff)
    Vendor:   ATI
    VRAM:     4074 MB
    Driver:   31.0.14057.5006
Initialize mono
Mono path[0] = 'C:/Program Files/Unity/Hub/Editor/2021.3.10f1/Editor/Data/Managed'
Mono path[1] = 'C:/Program Files/Unity/Hub/Editor/2021.3.10f1/Editor/Data/MonoBleedingEdge/lib/mono/unityjit-win32'
Mono config path = 'C:/Program Files/Unity/Hub/Editor/2021.3.10f1/Editor/Data/MonoBleedingEdge/etc'
Using monoOptions --debugger-agent=transport=dt_socket,embedding=1,server=y,suspend=n,address=127.0.0.1:56916
Begin MonoManager ReloadAssembly
Registering precompiled unity dll's ...
Register platform support module: C:/Program Files/Unity/Hub/Editor/2021.3.10f1/Editor/Data/PlaybackEngines/WindowsStandaloneSupport/UnityEditor.WindowsStandalone.Extensions.dll
Registered in 0.003426 seconds.
Native extension for WindowsStandalone target not found
Refreshing native plugins compatible for Editor in 114.77 ms, found 3 plugins.
Preloading 0 native plugins for Editor in 0.00 ms.
Mono: successfully reloaded assembly
- Completed reload, in  0.561 seconds
Domain Reload Profiling:
	ReloadAssembly (561ms)
		BeginReloadAssembly (54ms)
			ExecutionOrderSort (0ms)
			DisableScriptedObjects (0ms)
			BackupInstance (0ms)
			ReleaseScriptingObjects (0ms)
			CreateAndSetChildDomain (1ms)
		EndReloadAssembly (427ms)
			LoadAssemblies (52ms)
			RebuildTransferFunctionScriptingTraits (0ms)
			SetupTypeCache (77ms)
			ReleaseScriptCaches (0ms)
			RebuildScriptCaches (25ms)
			SetupLoadedEditorAssemblies (283ms)
				LogAssemblyErrors (0ms)
				InitializePlatformSupportModulesInManaged (6ms)
				SetLoadedEditorAssemblies (0ms)
				RefreshPlugins (115ms)
				BeforeProcessingInitializeOnLoad (1ms)
				ProcessInitializeOnLoadAttributes (113ms)
				ProcessInitializeOnLoadMethodAttributes (48ms)
				AfterProcessingInitializeOnLoad (0ms)
				EditorAssembliesLoaded (0ms)
			ExecutionOrderSort2 (0ms)
			AwakeInstancesAfterBackupRestoration (0ms)
Platform modules already initialized, skipping
Registering precompiled user dll's ...
Registered in 0.006559 seconds.
Begin MonoManager ReloadAssembly
Symbol file LoadedFromMemory doesn't match image C:\Users\aaron\Documents\GitHub\fishing\Fishing Game\Library\PackageCache\com.unity.visualscripting@1.7.8\Editor\VisualScripting.Core\Dependencies\YamlDotNet\Unity.VisualScripting.YamlDotNet.dll
Symbol file LoadedFromMemory doesn't match image C:\Users\aaron\Documents\GitHub\fishing\Fishing Game\Library\PackageCache\com.unity.visualscripting@1.7.8\Editor\VisualScripting.Core\Dependencies\DotNetZip\Unity.VisualScripting.IonicZip.dll
Native extension for WindowsStandalone target not found
Refreshing native plugins compatible for Editor in 103.39 ms, found 3 plugins.
Preloading 0 native plugins for Editor in 0.00 ms.
Mono: successfully reloaded assembly
- Completed reload, in  1.137 seconds
Domain Reload Profiling:
	ReloadAssembly (1138ms)
		BeginReloadAssembly (82ms)
			ExecutionOrderSort (0ms)
			DisableScriptedObjects (4ms)
			BackupInstance (0ms)
			ReleaseScriptingObjects (0ms)
			CreateAndSetChildDomain (17ms)
		EndReloadAssembly (972ms)
			LoadAssemblies (67ms)
			RebuildTransferFunctionScriptingTraits (0ms)
			SetupTypeCache (233ms)
			ReleaseScriptCaches (1ms)
			RebuildScriptCaches (67ms)
			SetupLoadedEditorAssemblies (572ms)
				LogAssemblyErrors (0ms)
				InitializePlatformSupportModulesInManaged (3ms)
				SetLoadedEditorAssemblies (0ms)
				RefreshPlugins (103ms)
				BeforeProcessingInitializeOnLoad (103ms)
				ProcessInitializeOnLoadAttributes (251ms)
				ProcessInitializeOnLoadMethodAttributes (106ms)
				AfterProcessingInitializeOnLoad (5ms)
				EditorAssembliesLoaded (0ms)
			ExecutionOrderSort2 (0ms)
			AwakeInstancesAfterBackupRestoration (4ms)
Platform modules already initialized, skipping
========================================================================
Worker process is ready to serve import requests
Launched and connected shader compiler UnityShaderCompiler.exe after 0.03 seconds
Refreshing native plugins compatible for Editor in 1.12 ms, found 3 plugins.
Preloading 0 native plugins for Editor in 0.00 ms.
Unloading 6304 Unused Serialized files (Serialized files now loaded: 0)
Unloading 51 unused Assets / (3.4 MB). Loaded Objects now: 6762.
Memory consumption went from 284.6 MB to 281.1 MB.
Total: 4.213600 ms (FindLiveObjects: 0.456700 ms CreateObjectMapping: 0.340200 ms MarkObjects: 2.747000 ms  DeleteObjects: 0.668900 ms)

AssetImportParameters requested are different than current active one (requested -> active):
  custom:video-decoder-ogg-theora: a1e56fd34408186e4bbccfd4996cb3dc -> 
  custom:container-muxer-webm: aa71ff27fc2769a1b78a27578f13a17b -> 
  custom:container-demuxer-webm: 4f35f7cbe854078d1ac9338744f61a02 -> 
  custom:video-encoder-webm-vp8: eb34c28f22e8b96e1ab97ce403110664 -> 
  custom:video-codec-MediaFoundation-h265: 746d11721c4dcdbdad8f713fa42b33f4 -> 
  custom:audio-encoder-webm-vorbis: bf7c407c2cedff20999df2af8eb42d56 -> 
  custom:framework-win-MediaFoundation: 216162199b28c13a410421893ffa2e32 -> 
  custom:container-demuxer-ogg: 62fdf1f143b41e24485cea50d1cbac27 -> 
  custom:video-decoder-webm-vp8: 9c59270c3fd7afecdb556c50c9e8de78 -> 
  custom:audio-decoder-ogg-vorbis: bf7c407c2cedff20999df2af8eb42d56 -> 
========================================================================
Received Import Request.
  Time since last request: 132463.882326 seconds.
  path: Assets/Prefab/ScrapWall2.prefab
  artifactKey: Guid(73de4c72e5775f44ba6e1475833bc38b) Importer(815301076,1909f56bfc062723c751e8b465ee728b)
Start importing Assets/Prefab/ScrapWall2.prefab using Guid(73de4c72e5775f44ba6e1475833bc38b) Importer(815301076,1909f56bfc062723c751e8b465ee728b)  -> (artifact id: 'd8d4ee5088025daa79b7dafd961dd9a0') in 0.733160 seconds 
========================================================================
Received Import Request.
  Time since last request: 110.214670 seconds.
  path: Assets/Prefab/ScrapDoor2.prefab
  artifactKey: Guid(e31bcec25081ac141a836934512cfb98) Importer(815301076,1909f56bfc062723c751e8b465ee728b)
Start importing Assets/Prefab/ScrapDoor2.prefab using Guid(e31bcec25081ac141a836934512cfb98) Importer(815301076,1909f56bfc062723c751e8b465ee728b)  -> (artifact id: 'd183cf2f108d6b80b3140cc59516db6e') in 0.163017 seconds 
========================================================================
Received Import Request.
  Time since last request: 93.921527 seconds.
  path: Assets/Prefab/ScrapFloor2.prefab
  artifactKey: Guid(984b43e959e8678438e60bbf8a0d8874) Importer(815301076,1909f56bfc062723c751e8b465ee728b)
Start importing Assets/Prefab/ScrapFloor2.prefab using Guid(984b43e959e8678438e60bbf8a0d8874) Importer(815301076,1909f56bfc062723c751e8b465ee728b)  -> (artifact id: 'd515e60014f3b9f15a00843f1369f087') in 0.056902 seconds 
========================================================================
Received Import Request.
  Time since last request: 0.000037 seconds.
  path: Assets/Prefab/ScrapFloor3.prefab
  artifactKey: Guid(0adce1f96460b0745b7ea9873038d1ce) Importer(815301076,1909f56bfc062723c751e8b465ee728b)
Start importing Assets/Prefab/ScrapFloor3.prefab using Guid(0adce1f96460b0745b7ea9873038d1ce) Importer(815301076,1909f56bfc062723c751e8b465ee728b)  -> (artifact id: '3ffb07361001e0a29846254cce96d878') in 0.035971 seconds 
========================================================================
Received Import Request.
  Time since last request: 121.129986 seconds.
  path: Assets/Prefab/ScrapPiller2.prefab
  artifactKey: Guid(e2be5f197f342d440b63eb5ce4829575) Importer(815301076,1909f56bfc062723c751e8b465ee728b)
Start importing Assets/Prefab/ScrapPiller2.prefab using Guid(e2be5f197f342d440b63eb5ce4829575) Importer(815301076,1909f56bfc062723c751e8b465ee728b)  -> (artifact id: '79c86c7cef82f2b3b701377b9bc94a35') in 0.144015 seconds 
========================================================================
Received Import Request.
  Time since last request: 0.000035 seconds.
  path: Assets/Prefab/ScrapPiller3.prefab
  artifactKey: Guid(2705a610fa67dee458747fc82fc6a846) Importer(815301076,1909f56bfc062723c751e8b465ee728b)
Start importing Assets/Prefab/ScrapPiller3.prefab using Guid(2705a610fa67dee458747fc82fc6a846) Importer(815301076,1909f56bfc062723c751e8b465ee728b)  -> (artifact id: 'c2f45e0655ea4d013f638f18ff5e5e8d') in 0.026769 seconds 
========================================================================
Received Import Request.
  Time since last request: 107.869062 seconds.
  path: Assets/Prefab/ScrapWindow2.prefab
  artifactKey: Guid(8a386c93296116441a5f86ce8c9c148f) Importer(815301076,1909f56bfc062723c751e8b465ee728b)
Start importing Assets/Prefab/ScrapWindow2.prefab using Guid(8a386c93296116441a5f86ce8c9c148f) Importer(815301076,1909f56bfc062723c751e8b465ee728b)  -> (artifact id: '12678602dc360e351bd3a6fc7b1d348a') in 0.055826 seconds 
========================================================================
Received Import Request.
  Time since last request: 35.258309 seconds.
  path: Assets/Prefab/CraftingBench.prefab
  artifactKey: Guid(0127d4aa3135a4b4faa20d5b46db4d2a) Importer(815301076,1909f56bfc062723c751e8b465ee728b)
Start importing Assets/Prefab/CraftingBench.prefab using Guid(0127d4aa3135a4b4faa20d5b46db4d2a) Importer(815301076,1909f56bfc062723c751e8b465ee728b)  -> (artifact id: '3bdd44b88f92377a3dc10635e49331d7') in 0.096059 seconds 
========================================================================
Received Import Request.
  Time since last request: 777.843490 seconds.
  path: Assets/Prefab/ScrapWall2.prefab
  artifactKey: Guid(73de4c72e5775f44ba6e1475833bc38b) Importer(815301076,1909f56bfc062723c751e8b465ee728b)
Start importing Assets/Prefab/ScrapWall2.prefab using Guid(73de4c72e5775f44ba6e1475833bc38b) Importer(815301076,1909f56bfc062723c751e8b465ee728b)  -> (artifact id: 'be02258859cb9b8ca75344a145a260a9') in 0.064024 seconds 
========================================================================
Received Import Request.
  Time since last request: 0.000038 seconds.
  path: Assets/Prefab/ScrapWall3.prefab
  artifactKey: Guid(bb9039fb3512af14291f404224e08be6) Importer(815301076,1909f56bfc062723c751e8b465ee728b)
Start importing Assets/Prefab/ScrapWall3.prefab using Guid(bb9039fb3512af14291f404224e08be6) Importer(815301076,1909f56bfc062723c751e8b465ee728b)  -> (artifact id: '42998822913b2687cfddde5d0ca345ee') in 0.027389 seconds 
========================================================================
Received Import Request.
  Time since last request: 0.000040 seconds.
  path: Assets/Prefab/ScrapWindow2.prefab
  artifactKey: Guid(8a386c93296116441a5f86ce8c9c148f) Importer(815301076,1909f56bfc062723c751e8b465ee728b)
Start importing Assets/Prefab/ScrapWindow2.prefab using Guid(8a386c93296116441a5f86ce8c9c148f) Importer(815301076,1909f56bfc062723c751e8b465ee728b)  -> (artifact id: 'a23e11a7020555318302fef910f86a7e') in 0.028487 seconds 
========================================================================
Received Import Request.
  Time since last request: 12.479330 seconds.
  path: Assets/Prefab/ScrapPiller3.prefab
  artifactKey: Guid(2705a610fa67dee458747fc82fc6a846) Importer(815301076,1909f56bfc062723c751e8b465ee728b)
Start importing Assets/Prefab/ScrapPiller3.prefab using Guid(2705a610fa67dee458747fc82fc6a846) Importer(815301076,1909f56bfc062723c751e8b465ee728b)  -> (artifact id: 'c5a78717faefe6934d70c2be0c667632') in 0.028530 seconds 
========================================================================
Received Import Request.
  Time since last request: 3.257383 seconds.
  path: Assets/Prefab/ScrapPiller3.prefab
  artifactKey: Guid(2705a610fa67dee458747fc82fc6a846) Importer(815301076,1909f56bfc062723c751e8b465ee728b)
Start importing Assets/Prefab/ScrapPiller3.prefab using Guid(2705a610fa67dee458747fc82fc6a846) Importer(815301076,1909f56bfc062723c751e8b465ee728b)  -> (artifact id: '86ae094cd5a5c3964b9402ee2313b161') in 0.021216 seconds 
========================================================================
Received Import Request.
  Time since last request: 6.388805 seconds.
  path: Assets/Prefab/ScrapDoor3.prefab
  artifactKey: Guid(cfa686c185a38b74a9a7372cad451e23) Importer(815301076,1909f56bfc062723c751e8b465ee728b)
Start importing Assets/Prefab/ScrapDoor3.prefab using Guid(cfa686c185a38b74a9a7372cad451e23) Importer(815301076,1909f56bfc062723c751e8b465ee728b)  -> (artifact id: 'f09ccb1d2c99b6f74a53ec4da4560e64') in 0.024001 seconds 
========================================================================
Received Import Request.
  Time since last request: 4.882125 seconds.
  path: Assets/Prefab/ScrapDoor3.prefab
  artifactKey: Guid(cfa686c185a38b74a9a7372cad451e23) Importer(815301076,1909f56bfc062723c751e8b465ee728b)
Start importing Assets/Prefab/ScrapDoor3.prefab using Guid(cfa686c185a38b74a9a7372cad451e23) Importer(815301076,1909f56bfc062723c751e8b465ee728b)  -> (artifact id: 'f71bbb1f76b73a1f4a483b5589f002ab') in 0.022412 seconds 
========================================================================
Received Import Request.
  Time since last request: 14.452922 seconds.
  path: Assets/Prefab/ScrapDoor3.prefab
  artifactKey: Guid(cfa686c185a38b74a9a7372cad451e23) Importer(815301076,1909f56bfc062723c751e8b465ee728b)
Start importing Assets/Prefab/ScrapDoor3.prefab using Guid(cfa686c185a38b74a9a7372cad451e23) Importer(815301076,1909f56bfc062723c751e8b465ee728b)  -> (artifact id: '3984de46df494e7a28d76b5a91dab69d') in 0.056770 seconds 
========================================================================
Received Import Request.
  Time since last request: 0.000029 seconds.
  path: Assets/Prefab/ScrapWall3.prefab
  artifactKey: Guid(bb9039fb3512af14291f404224e08be6) Importer(815301076,1909f56bfc062723c751e8b465ee728b)
Start importing Assets/Prefab/ScrapWall3.prefab using Guid(bb9039fb3512af14291f404224e08be6) Importer(815301076,1909f56bfc062723c751e8b465ee728b)  -> (artifact id: '8ea15f607bb8632cc324e5aae8a7e271') in 0.019952 seconds 
========================================================================
Received Import Request.
  Time since last request: 0.000033 seconds.
  path: Assets/Prefab/ScrapFloor1.prefab
  artifactKey: Guid(cc6d6396173cd7049ab821856ef35d12) Importer(815301076,1909f56bfc062723c751e8b465ee728b)
Start importing Assets/Prefab/ScrapFloor1.prefab using Guid(cc6d6396173cd7049ab821856ef35d12) Importer(815301076,1909f56bfc062723c751e8b465ee728b)  -> (artifact id: '55dea3425f71a480bfe91fef646b9873') in 0.033436 seconds 
========================================================================
Received Import Request.
  Time since last request: 0.000036 seconds.
  path: Assets/Prefab/ScrapPiller1.prefab
  artifactKey: Guid(f3a6f6d8a66768c449e523f3a29fd747) Importer(815301076,1909f56bfc062723c751e8b465ee728b)
Start importing Assets/Prefab/ScrapPiller1.prefab using Guid(f3a6f6d8a66768c449e523f3a29fd747) Importer(815301076,1909f56bfc062723c751e8b465ee728b)  -> (artifact id: '2d21c1d4d6c45f25b35eb2145179811a') in 0.017722 seconds 
========================================================================
Received Import Request.
  Time since last request: 0.000043 seconds.
  path: Assets/Prefab/ScrapPiller2.prefab
  artifactKey: Guid(e2be5f197f342d440b63eb5ce4829575) Importer(815301076,1909f56bfc062723c751e8b465ee728b)
Start importing Assets/Prefab/ScrapPiller2.prefab using Guid(e2be5f197f342d440b63eb5ce4829575) Importer(815301076,1909f56bfc062723c751e8b465ee728b)  -> (artifact id: 'dcc3bb10de35127767315d6049311a5d') in 0.017746 seconds 
========================================================================
Received Import Request.
  Time since last request: 2027.423607 seconds.
  path: Assets/Moddels/Rock2.fbx
  artifactKey: Guid(2ca3ae02e6f57204685f7313204b4ded) Importer(815301076,1909f56bfc062723c751e8b465ee728b)
Start importing Assets/Moddels/Rock2.fbx using Guid(2ca3ae02e6f57204685f7313204b4ded) Importer(815301076,1909f56bfc062723c751e8b465ee728b)  -> (artifact id: '31dab043776c6a5bb9f311b026a6a63f') in 0.389934 seconds 
========================================================================
Received Import Request.
  Time since last request: 130.265631 seconds.
  path: Assets/Prefab/Outside Island/Outside island 2.prefab
  artifactKey: Guid(44fc518388884d144976cfc1fbbef447) Importer(815301076,1909f56bfc062723c751e8b465ee728b)
Start importing Assets/Prefab/Outside Island/Outside island 2.prefab using Guid(44fc518388884d144976cfc1fbbef447) Importer(815301076,1909f56bfc062723c751e8b465ee728b)  -> (artifact id: 'bc02e9d6f2c652c59ff1e0959574baf6') in 0.038983 seconds 
========================================================================
Received Import Request.
  Time since last request: 416.809131 seconds.
  path: Assets/Art/Light Wood.mat
  artifactKey: Guid(b49180ad0f7e25c4e9e7a417b29c246e) Importer(815301076,1909f56bfc062723c751e8b465ee728b)
Start importing Assets/Art/Light Wood.mat using Guid(b49180ad0f7e25c4e9e7a417b29c246e) Importer(815301076,1909f56bfc062723c751e8b465ee728b)  -> (artifact id: '811d33fac23a9c05687e217f5ecc1a53') in 0.079431 seconds 
========================================================================
Received Import Request.
  Time since last request: 3194.217338 seconds.
  path: Assets/Prefab/CraftingBench.prefab
  artifactKey: Guid(0127d4aa3135a4b4faa20d5b46db4d2a) Importer(815301076,1909f56bfc062723c751e8b465ee728b)
Start importing Assets/Prefab/CraftingBench.prefab using Guid(0127d4aa3135a4b4faa20d5b46db4d2a) Importer(815301076,1909f56bfc062723c751e8b465ee728b)  -> (artifact id: 'd83618e96553aa2dfba7ce9d62b0a45b') in 0.185179 seconds 
========================================================================
Received Import Request.
  Time since last request: 0.000052 seconds.
  path: Assets/Prefab/ScrapPiller3.prefab
  artifactKey: Guid(2705a610fa67dee458747fc82fc6a846) Importer(815301076,1909f56bfc062723c751e8b465ee728b)
Start importing Assets/Prefab/ScrapPiller3.prefab using Guid(2705a610fa67dee458747fc82fc6a846) Importer(815301076,1909f56bfc062723c751e8b465ee728b)  -> (artifact id: '296a5447666d0fb5e91406a992d8a8ab') in 0.035366 seconds 
========================================================================
Received Import Request.
  Time since last request: 0.000038 seconds.
  path: Assets/Prefab/ScrapFloor2.prefab
  artifactKey: Guid(984b43e959e8678438e60bbf8a0d8874) Importer(815301076,1909f56bfc062723c751e8b465ee728b)
Start importing Assets/Prefab/ScrapFloor2.prefab using Guid(984b43e959e8678438e60bbf8a0d8874) Importer(815301076,1909f56bfc062723c751e8b465ee728b)  -> (artifact id: 'e77102e31248723148333105f6b526f2') in 0.031643 seconds 
========================================================================
Received Import Request.
  Time since last request: 0.000027 seconds.
  path: Assets/Prefab/Wood.prefab
  artifactKey: Guid(b4732349bcd3b084098a9fb9b591e123) Importer(815301076,1909f56bfc062723c751e8b465ee728b)
Start importing Assets/Prefab/Wood.prefab using Guid(b4732349bcd3b084098a9fb9b591e123) Importer(815301076,1909f56bfc062723c751e8b465ee728b)  -> (artifact id: '47a266ae799df90495cf580bdc187050') in 0.031426 seconds 
========================================================================
Received Import Request.
  Time since last request: 0.000030 seconds.
  path: Assets/Prefab/ScrapWindow3.prefab
  artifactKey: Guid(107ed491dbaa36f4a9f21a104d566421) Importer(815301076,1909f56bfc062723c751e8b465ee728b)
Start importing Assets/Prefab/ScrapWindow3.prefab using Guid(107ed491dbaa36f4a9f21a104d566421) Importer(815301076,1909f56bfc062723c751e8b465ee728b)  -> (artifact id: '12535efd4b8059a496b388bceebb73cd') in 0.030855 seconds 
========================================================================
Received Import Request.
  Time since last request: 0.000032 seconds.
  path: Assets/Prefab/ScrapPiller1.prefab
  artifactKey: Guid(f3a6f6d8a66768c449e523f3a29fd747) Importer(815301076,1909f56bfc062723c751e8b465ee728b)
Start importing Assets/Prefab/ScrapPiller1.prefab using Guid(f3a6f6d8a66768c449e523f3a29fd747) Importer(815301076,1909f56bfc062723c751e8b465ee728b)  -> (artifact id: 'de86a0a38bc995699f0b222a8129e8f3') in 0.030088 seconds 
========================================================================
Received Import Request.
  Time since last request: 0.000041 seconds.
  path: Assets/Prefab/ScrapDoor3.prefab
  artifactKey: Guid(cfa686c185a38b74a9a7372cad451e23) Importer(815301076,1909f56bfc062723c751e8b465ee728b)
Start importing Assets/Prefab/ScrapDoor3.prefab using Guid(cfa686c185a38b74a9a7372cad451e23) Importer(815301076,1909f56bfc062723c751e8b465ee728b)  -> (artifact id: 'dd911f02a2a768ae7e054667ec7a8251') in 0.029277 seconds 
========================================================================
Received Import Request.
  Time since last request: 0.000040 seconds.
  path: Assets/Prefab/ScrapWall1.prefab
  artifactKey: Guid(9e16d8522123f9a4cb7b602ddb487fd1) Importer(815301076,1909f56bfc062723c751e8b465ee728b)
Start importing Assets/Prefab/ScrapWall1.prefab using Guid(9e16d8522123f9a4cb7b602ddb487fd1) Importer(815301076,1909f56bfc062723c751e8b465ee728b)  -> (artifact id: '7df9e917bce95ec47207f4d280c46856') in 0.031454 seconds 
========================================================================
Received Import Request.
  Time since last request: 0.000054 seconds.
  path: Assets/Prefab/ScrapWindow2.prefab
  artifactKey: Guid(8a386c93296116441a5f86ce8c9c148f) Importer(815301076,1909f56bfc062723c751e8b465ee728b)
Start importing Assets/Prefab/ScrapWindow2.prefab using Guid(8a386c93296116441a5f86ce8c9c148f) Importer(815301076,1909f56bfc062723c751e8b465ee728b)  -> (artifact id: '5220c74b52f1f6b4b9055f088ab1220c') in 0.031568 seconds 
========================================================================
Received Import Request.
  Time since last request: 114.291266 seconds.
  path: Assets/Prefab/Island/Island 1.prefab
  artifactKey: Guid(594de9e81b0f9a746a5f3b98904a6aa2) Importer(815301076,1909f56bfc062723c751e8b465ee728b)
Start importing Assets/Prefab/Island/Island 1.prefab using Guid(594de9e81b0f9a746a5f3b98904a6aa2) Importer(815301076,1909f56bfc062723c751e8b465ee728b)  -> (artifact id: 'ffd6ae3dcc960d1b1a5f565a7c84311f') in 0.032285 seconds 
========================================================================
Received Import Request.
  Time since last request: 14.304448 seconds.
  path: Assets/Prefab/Island/Island 1.prefab
  artifactKey: Guid(594de9e81b0f9a746a5f3b98904a6aa2) Importer(815301076,1909f56bfc062723c751e8b465ee728b)
Start importing Assets/Prefab/Island/Island 1.prefab using Guid(594de9e81b0f9a746a5f3b98904a6aa2) Importer(815301076,1909f56bfc062723c751e8b465ee728b)  -> (artifact id: '6eda4d10d796d57304517bc76e5e0007') in 0.019732 seconds 
========================================================================
Received Import Request.
  Time since last request: 0.550499 seconds.
  path: Assets/Prefab/Island/Island 1.prefab
  artifactKey: Guid(594de9e81b0f9a746a5f3b98904a6aa2) Importer(815301076,1909f56bfc062723c751e8b465ee728b)
Start importing Assets/Prefab/Island/Island 1.prefab using Guid(594de9e81b0f9a746a5f3b98904a6aa2) Importer(815301076,1909f56bfc062723c751e8b465ee728b)  -> (artifact id: 'a6960d22656e46d92327b90fc8cfd4fe') in 0.018006 seconds 
========================================================================
Received Import Request.
  Time since last request: 5.665451 seconds.
  path: Assets/Prefab/Island/Island 1.prefab
  artifactKey: Guid(594de9e81b0f9a746a5f3b98904a6aa2) Importer(815301076,1909f56bfc062723c751e8b465ee728b)
Start importing Assets/Prefab/Island/Island 1.prefab using Guid(594de9e81b0f9a746a5f3b98904a6aa2) Importer(815301076,1909f56bfc062723c751e8b465ee728b)  -> (artifact id: '8ad04f74a7e2c5006ee2c48c9c091e7c') in 0.019007 seconds 
========================================================================
Received Import Request.
  Time since last request: 4.271360 seconds.
  path: Assets/Prefab/Island/Island 1.prefab
  artifactKey: Guid(594de9e81b0f9a746a5f3b98904a6aa2) Importer(815301076,1909f56bfc062723c751e8b465ee728b)
Start importing Assets/Prefab/Island/Island 1.prefab using Guid(594de9e81b0f9a746a5f3b98904a6aa2) Importer(815301076,1909f56bfc062723c751e8b465ee728b)  -> (artifact id: 'a0bb7db60f4a0ce4bc11b4e08a33e0f6') in 0.018068 seconds 
========================================================================
Received Import Request.
  Time since last request: 2.221615 seconds.
  path: Assets/Prefab/Island/Island 1.prefab
  artifactKey: Guid(594de9e81b0f9a746a5f3b98904a6aa2) Importer(815301076,1909f56bfc062723c751e8b465ee728b)
Start importing Assets/Prefab/Island/Island 1.prefab using Guid(594de9e81b0f9a746a5f3b98904a6aa2) Importer(815301076,1909f56bfc062723c751e8b465ee728b)  -> (artifact id: 'b008be62b20e4751e8ad3377c983c95d') in 0.018834 seconds 
========================================================================
Received Import Request.
  Time since last request: 6.481605 seconds.
  path: Assets/Prefab/Island/Island 1.prefab
  artifactKey: Guid(594de9e81b0f9a746a5f3b98904a6aa2) Importer(815301076,1909f56bfc062723c751e8b465ee728b)
Start importing Assets/Prefab/Island/Island 1.prefab using Guid(594de9e81b0f9a746a5f3b98904a6aa2) Importer(815301076,1909f56bfc062723c751e8b465ee728b)  -> (artifact id: '877c6b7389ef056841b607e7dbc9b62b') in 0.015844 seconds 
========================================================================
Received Import Request.
  Time since last request: 8.510902 seconds.
  path: Assets/Prefab/Island/Island 1.prefab
  artifactKey: Guid(594de9e81b0f9a746a5f3b98904a6aa2) Importer(815301076,1909f56bfc062723c751e8b465ee728b)
Start importing Assets/Prefab/Island/Island 1.prefab using Guid(594de9e81b0f9a746a5f3b98904a6aa2) Importer(815301076,1909f56bfc062723c751e8b465ee728b)  -> (artifact id: '9db15ff3b3fd918605d1c7c06193d10b') in 0.059165 seconds 
========================================================================
Received Import Request.
  Time since last request: 43.017451 seconds.
  path: Assets/Prefab/Island/Island 1.prefab
  artifactKey: Guid(594de9e81b0f9a746a5f3b98904a6aa2) Importer(815301076,1909f56bfc062723c751e8b465ee728b)
Start importing Assets/Prefab/Island/Island 1.prefab using Guid(594de9e81b0f9a746a5f3b98904a6aa2) Importer(815301076,1909f56bfc062723c751e8b465ee728b)  -> (artifact id: '5476542cc2eec579260b7c8e0713615a') in 0.135379 seconds 
========================================================================
Received Import Request.
  Time since last request: 24.501719 seconds.
  path: Assets/Prefab/Island/Island 1.prefab
  artifactKey: Guid(594de9e81b0f9a746a5f3b98904a6aa2) Importer(815301076,1909f56bfc062723c751e8b465ee728b)
Start importing Assets/Prefab/Island/Island 1.prefab using Guid(594de9e81b0f9a746a5f3b98904a6aa2) Importer(815301076,1909f56bfc062723c751e8b465ee728b)  -> (artifact id: 'c3336c2912b22e56c0b9929db413888e') in 0.086120 seconds 
========================================================================
Received Import Request.
  Time since last request: 6.018021 seconds.
  path: Assets/Prefab/Island/Island 1.prefab
  artifactKey: Guid(594de9e81b0f9a746a5f3b98904a6aa2) Importer(815301076,1909f56bfc062723c751e8b465ee728b)
Start importing Assets/Prefab/Island/Island 1.prefab using Guid(594de9e81b0f9a746a5f3b98904a6aa2) Importer(815301076,1909f56bfc062723c751e8b465ee728b)  -> (artifact id: 'be673ae1b70b17a29b69de0d082c0ca2') in 0.034985 seconds 
========================================================================
Received Import Request.
  Time since last request: 71.924135 seconds.
  path: Assets/Prefab/Island/Island 1.prefab
  artifactKey: Guid(594de9e81b0f9a746a5f3b98904a6aa2) Importer(815301076,1909f56bfc062723c751e8b465ee728b)
Start importing Assets/Prefab/Island/Island 1.prefab using Guid(594de9e81b0f9a746a5f3b98904a6aa2) Importer(815301076,1909f56bfc062723c751e8b465ee728b)  -> (artifact id: 'fbd6a346890a0a1358992196848b3078') in 0.054467 seconds 
========================================================================
Received Import Request.
  Time since last request: 0.518369 seconds.
  path: Assets/Prefab/Island/Island 1.prefab
  artifactKey: Guid(594de9e81b0f9a746a5f3b98904a6aa2) Importer(815301076,1909f56bfc062723c751e8b465ee728b)
Start importing Assets/Prefab/Island/Island 1.prefab using Guid(594de9e81b0f9a746a5f3b98904a6aa2) Importer(815301076,1909f56bfc062723c751e8b465ee728b)  -> (artifact id: '663f96afc50d4375c2ef12457270b83e') in 0.063307 seconds 
========================================================================
Received Import Request.
  Time since last request: 26.502200 seconds.
  path: Assets/Prefab/Island/Island 1.prefab
  artifactKey: Guid(594de9e81b0f9a746a5f3b98904a6aa2) Importer(815301076,1909f56bfc062723c751e8b465ee728b)
Start importing Assets/Prefab/Island/Island 1.prefab using Guid(594de9e81b0f9a746a5f3b98904a6aa2) Importer(815301076,1909f56bfc062723c751e8b465ee728b)  -> (artifact id: '04fcfb987b367d7d222b698e36643075') in 0.029953 seconds 
========================================================================
Received Import Request.
  Time since last request: 20.614928 seconds.
  path: Assets/Prefab/Island/Island 1.prefab
  artifactKey: Guid(594de9e81b0f9a746a5f3b98904a6aa2) Importer(815301076,1909f56bfc062723c751e8b465ee728b)
Start importing Assets/Prefab/Island/Island 1.prefab using Guid(594de9e81b0f9a746a5f3b98904a6aa2) Importer(815301076,1909f56bfc062723c751e8b465ee728b)  -> (artifact id: '86b12f36203a4f352084499fe0a8d3bc') in 0.069381 seconds 
========================================================================
Received Import Request.
  Time since last request: 1.728639 seconds.
  path: Assets/Prefab/Island/Island 1.prefab
  artifactKey: Guid(594de9e81b0f9a746a5f3b98904a6aa2) Importer(815301076,1909f56bfc062723c751e8b465ee728b)
Start importing Assets/Prefab/Island/Island 1.prefab using Guid(594de9e81b0f9a746a5f3b98904a6aa2) Importer(815301076,1909f56bfc062723c751e8b465ee728b)  -> (artifact id: '6508493923faa763c91e2af56642441d') in 0.033750 seconds 
========================================================================
Received Prepare
Registering precompiled user dll's ...
Registered in 0.005828 seconds.
Begin MonoManager ReloadAssembly
Symbol file LoadedFromMemory doesn't match image C:\Users\aaron\Documents\GitHub\fishing\Fishing Game\Library\PackageCache\com.unity.visualscripting@1.7.8\Editor\VisualScripting.Core\Dependencies\YamlDotNet\Unity.VisualScripting.YamlDotNet.dll
Symbol file LoadedFromMemory doesn't match image C:\Users\aaron\Documents\GitHub\fishing\Fishing Game\Library\PackageCache\com.unity.visualscripting@1.7.8\Editor\VisualScripting.Core\Dependencies\DotNetZip\Unity.VisualScripting.IonicZip.dll
Native extension for WindowsStandalone target not found
Refreshing native plugins compatible for Editor in 1.07 ms, found 3 plugins.
Preloading 0 native plugins for Editor in 0.00 ms.
Mono: successfully reloaded assembly
- Completed reload, in  1.163 seconds
Domain Reload Profiling:
	ReloadAssembly (1164ms)
		BeginReloadAssembly (227ms)
			ExecutionOrderSort (0ms)
			DisableScriptedObjects (40ms)
			BackupInstance (0ms)
			ReleaseScriptingObjects (0ms)
			CreateAndSetChildDomain (96ms)
		EndReloadAssembly (848ms)
			LoadAssemblies (73ms)
			RebuildTransferFunctionScriptingTraits (0ms)
			SetupTypeCache (253ms)
			ReleaseScriptCaches (2ms)
			RebuildScriptCaches (59ms)
			SetupLoadedEditorAssemblies (354ms)
				LogAssemblyErrors (0ms)
				InitializePlatformSupportModulesInManaged (8ms)
				SetLoadedEditorAssemblies (0ms)
				RefreshPlugins (1ms)
				BeforeProcessingInitializeOnLoad (88ms)
				ProcessInitializeOnLoadAttributes (224ms)
				ProcessInitializeOnLoadMethodAttributes (27ms)
				AfterProcessingInitializeOnLoad (5ms)
				EditorAssembliesLoaded (0ms)
			ExecutionOrderSort2 (0ms)
			AwakeInstancesAfterBackupRestoration (11ms)
Platform modules already initialized, skipping
Refreshing native plugins compatible for Editor in 2.12 ms, found 3 plugins.
Preloading 0 native plugins for Editor in 0.00 ms.
Unloading 5979 Unused Serialized files (Serialized files now loaded: 0)
Unloading 49 unused Assets / (3.4 MB). Loaded Objects now: 6918.
Memory consumption went from 274.0 MB to 270.6 MB.
Total: 4.545300 ms (FindLiveObjects: 0.464700 ms CreateObjectMapping: 0.376500 ms MarkObjects: 3.107400 ms  DeleteObjects: 0.595800 ms)

AssetImportParameters requested are different than current active one (requested -> active):
  custom:video-decoder-ogg-theora: a1e56fd34408186e4bbccfd4996cb3dc -> 
  custom:container-muxer-webm: aa71ff27fc2769a1b78a27578f13a17b -> 
  custom:container-demuxer-webm: 4f35f7cbe854078d1ac9338744f61a02 -> 
  custom:video-encoder-webm-vp8: eb34c28f22e8b96e1ab97ce403110664 -> 
  custom:video-codec-MediaFoundation-h265: 746d11721c4dcdbdad8f713fa42b33f4 -> 
  custom:audio-encoder-webm-vorbis: bf7c407c2cedff20999df2af8eb42d56 -> 
  custom:framework-win-MediaFoundation: 216162199b28c13a410421893ffa2e32 -> 
  custom:container-demuxer-ogg: 62fdf1f143b41e24485cea50d1cbac27 -> 
  custom:video-decoder-webm-vp8: 9c59270c3fd7afecdb556c50c9e8de78 -> 
  custom:audio-decoder-ogg-vorbis: bf7c407c2cedff20999df2af8eb42d56 -> 
========================================================================
Received Prepare
Registering precompiled user dll's ...
Registered in 0.005929 seconds.
Begin MonoManager ReloadAssembly
Symbol file LoadedFromMemory doesn't match image C:\Users\aaron\Documents\GitHub\fishing\Fishing Game\Library\PackageCache\com.unity.visualscripting@1.7.8\Editor\VisualScripting.Core\Dependencies\YamlDotNet\Unity.VisualScripting.YamlDotNet.dll
Symbol file LoadedFromMemory doesn't match image C:\Users\aaron\Documents\GitHub\fishing\Fishing Game\Library\PackageCache\com.unity.visualscripting@1.7.8\Editor\VisualScripting.Core\Dependencies\DotNetZip\Unity.VisualScripting.IonicZip.dll
Native extension for WindowsStandalone target not found
Refreshing native plugins compatible for Editor in 1.13 ms, found 3 plugins.
Preloading 0 native plugins for Editor in 0.00 ms.
Mono: successfully reloaded assembly
- Completed reload, in  1.101 seconds
Domain Reload Profiling:
	ReloadAssembly (1102ms)
		BeginReloadAssembly (156ms)
			ExecutionOrderSort (0ms)
			DisableScriptedObjects (7ms)
			BackupInstance (0ms)
			ReleaseScriptingObjects (0ms)
			CreateAndSetChildDomain (62ms)
		EndReloadAssembly (877ms)
			LoadAssemblies (81ms)
			RebuildTransferFunctionScriptingTraits (0ms)
			SetupTypeCache (297ms)
			ReleaseScriptCaches (3ms)
			RebuildScriptCaches (53ms)
			SetupLoadedEditorAssemblies (357ms)
				LogAssemblyErrors (0ms)
				InitializePlatformSupportModulesInManaged (8ms)
				SetLoadedEditorAssemblies (0ms)
				RefreshPlugins (1ms)
				BeforeProcessingInitializeOnLoad (93ms)
				ProcessInitializeOnLoadAttributes (223ms)
				ProcessInitializeOnLoadMethodAttributes (26ms)
				AfterProcessingInitializeOnLoad (5ms)
				EditorAssembliesLoaded (0ms)
			ExecutionOrderSort2 (0ms)
			AwakeInstancesAfterBackupRestoration (11ms)
Platform modules already initialized, skipping
Refreshing native plugins compatible for Editor in 2.31 ms, found 3 plugins.
Preloading 0 native plugins for Editor in 0.00 ms.
Unloading 5979 Unused Serialized files (Serialized files now loaded: 0)
Unloading 44 unused Assets / (3.4 MB). Loaded Objects now: 6921.
Memory consumption went from 273.8 MB to 270.4 MB.
Total: 4.702500 ms (FindLiveObjects: 0.417600 ms CreateObjectMapping: 0.338200 ms MarkObjects: 3.320500 ms  DeleteObjects: 0.625200 ms)

AssetImportParameters requested are different than current active one (requested -> active):
  custom:video-decoder-ogg-theora: a1e56fd34408186e4bbccfd4996cb3dc -> 
  custom:container-muxer-webm: aa71ff27fc2769a1b78a27578f13a17b -> 
  custom:container-demuxer-webm: 4f35f7cbe854078d1ac9338744f61a02 -> 
  custom:video-encoder-webm-vp8: eb34c28f22e8b96e1ab97ce403110664 -> 
  custom:video-codec-MediaFoundation-h265: 746d11721c4dcdbdad8f713fa42b33f4 -> 
  custom:audio-encoder-webm-vorbis: bf7c407c2cedff20999df2af8eb42d56 -> 
  custom:framework-win-MediaFoundation: 216162199b28c13a410421893ffa2e32 -> 
  custom:container-demuxer-ogg: 62fdf1f143b41e24485cea50d1cbac27 -> 
  custom:video-decoder-webm-vp8: 9c59270c3fd7afecdb556c50c9e8de78 -> 
  custom:audio-decoder-ogg-vorbis: bf7c407c2cedff20999df2af8eb42d56 -> 
========================================================================
Received Import Request.
  Time since last request: 834.806443 seconds.
  path: Assets/Scripts/Building
  artifactKey: Guid(62e4f4f81c6570843bce940e0ea1ac33) Importer(815301076,1909f56bfc062723c751e8b465ee728b)
Start importing Assets/Scripts/Building using Guid(62e4f4f81c6570843bce940e0ea1ac33) Importer(815301076,1909f56bfc062723c751e8b465ee728b)  -> (artifact id: '1dab646aac8da269a0ec3575c4562862') in 0.015217 seconds 
========================================================================
Received Prepare
Registering precompiled user dll's ...
Registered in 0.005360 seconds.
Begin MonoManager ReloadAssembly
Symbol file LoadedFromMemory doesn't match image C:\Users\aaron\Documents\GitHub\fishing\Fishing Game\Library\PackageCache\com.unity.visualscripting@1.7.8\Editor\VisualScripting.Core\Dependencies\YamlDotNet\Unity.VisualScripting.YamlDotNet.dll
Symbol file LoadedFromMemory doesn't match image C:\Users\aaron\Documents\GitHub\fishing\Fishing Game\Library\PackageCache\com.unity.visualscripting@1.7.8\Editor\VisualScripting.Core\Dependencies\DotNetZip\Unity.VisualScripting.IonicZip.dll
Native extension for WindowsStandalone target not found
Refreshing native plugins compatible for Editor in 1.17 ms, found 3 plugins.
Preloading 0 native plugins for Editor in 0.00 ms.
Mono: successfully reloaded assembly
- Completed reload, in  1.231 seconds
Domain Reload Profiling:
	ReloadAssembly (1232ms)
		BeginReloadAssembly (150ms)
			ExecutionOrderSort (0ms)
			DisableScriptedObjects (6ms)
			BackupInstance (0ms)
			ReleaseScriptingObjects (0ms)
			CreateAndSetChildDomain (56ms)
		EndReloadAssembly (1002ms)
			LoadAssemblies (79ms)
			RebuildTransferFunctionScriptingTraits (0ms)
			SetupTypeCache (333ms)
			ReleaseScriptCaches (3ms)
			RebuildScriptCaches (77ms)
			SetupLoadedEditorAssemblies (359ms)
				LogAssemblyErrors (0ms)
				InitializePlatformSupportModulesInManaged (9ms)
				SetLoadedEditorAssemblies (0ms)
				RefreshPlugins (1ms)
				BeforeProcessingInitializeOnLoad (83ms)
				ProcessInitializeOnLoadAttributes (235ms)
				ProcessInitializeOnLoadMethodAttributes (26ms)
				AfterProcessingInitializeOnLoad (5ms)
				EditorAssembliesLoaded (0ms)
			ExecutionOrderSort2 (0ms)
			AwakeInstancesAfterBackupRestoration (16ms)
Platform modules already initialized, skipping
Refreshing native plugins compatible for Editor in 2.68 ms, found 3 plugins.
Preloading 0 native plugins for Editor in 0.00 ms.
Unloading 5982 Unused Serialized files (Serialized files now loaded: 0)
Unloading 44 unused Assets / (3.4 MB). Loaded Objects now: 6927.
Memory consumption went from 273.9 MB to 270.5 MB.
Total: 4.452500 ms (FindLiveObjects: 0.478600 ms CreateObjectMapping: 0.402300 ms MarkObjects: 3.033900 ms  DeleteObjects: 0.536600 ms)

AssetImportParameters requested are different than current active one (requested -> active):
  custom:video-decoder-ogg-theora: a1e56fd34408186e4bbccfd4996cb3dc -> 
  custom:container-muxer-webm: aa71ff27fc2769a1b78a27578f13a17b -> 
  custom:container-demuxer-webm: 4f35f7cbe854078d1ac9338744f61a02 -> 
  custom:video-encoder-webm-vp8: eb34c28f22e8b96e1ab97ce403110664 -> 
  custom:video-codec-MediaFoundation-h265: 746d11721c4dcdbdad8f713fa42b33f4 -> 
  custom:audio-encoder-webm-vorbis: bf7c407c2cedff20999df2af8eb42d56 -> 
  custom:framework-win-MediaFoundation: 216162199b28c13a410421893ffa2e32 -> 
  custom:container-demuxer-ogg: 62fdf1f143b41e24485cea50d1cbac27 -> 
  custom:video-decoder-webm-vp8: 9c59270c3fd7afecdb556c50c9e8de78 -> 
  custom:audio-decoder-ogg-vorbis: bf7c407c2cedff20999df2af8eb42d56 -> 
========================================================================
Received Import Request.
  Time since last request: 51.937148 seconds.
  path: Assets/Scripts/Building/BuildableState.cs
  artifactKey: Guid(efd11fa5945bb97478e98f2a97048062) Importer(815301076,1909f56bfc062723c751e8b465ee728b)
Start importing Assets/Scripts/Building/BuildableState.cs using Guid(efd11fa5945bb97478e98f2a97048062) Importer(815301076,1909f56bfc062723c751e8b465ee728b)  -> (artifact id: 'eae146d04c9c66c462a071dd2ce9370e') in 0.021422 seconds 
========================================================================
Received Import Request.
  Time since last request: 9.076622 seconds.
  path: Assets/Scripts/Building/BuildMechanic.cs
  artifactKey: Guid(235127883afa0174c8ebd1e91fec7ee6) Importer(815301076,1909f56bfc062723c751e8b465ee728b)
Start importing Assets/Scripts/Building/BuildMechanic.cs using Guid(235127883afa0174c8ebd1e91fec7ee6) Importer(815301076,1909f56bfc062723c751e8b465ee728b)  -> (artifact id: 'b89c824bdece2c76b031b310ee2369ca') in 0.006846 seconds 
========================================================================
Received Import Request.
  Time since last request: 107.936488 seconds.
  path: Assets/Scripts/Building/BuildMechanic.cs
  artifactKey: Guid(235127883afa0174c8ebd1e91fec7ee6) Importer(815301076,1909f56bfc062723c751e8b465ee728b)
Start importing Assets/Scripts/Building/BuildMechanic.cs using Guid(235127883afa0174c8ebd1e91fec7ee6) Importer(815301076,1909f56bfc062723c751e8b465ee728b)  -> (artifact id: 'b7bebb18f340f26a6adbd36dbd1d5129') in 0.001847 seconds 
========================================================================
Received Prepare
Registering precompiled user dll's ...
Registered in 0.006831 seconds.
Begin MonoManager ReloadAssembly
Symbol file LoadedFromMemory doesn't match image C:\Users\aaron\Documents\GitHub\fishing\Fishing Game\Library\PackageCache\com.unity.visualscripting@1.7.8\Editor\VisualScripting.Core\Dependencies\YamlDotNet\Unity.VisualScripting.YamlDotNet.dll
Symbol file LoadedFromMemory doesn't match image C:\Users\aaron\Documents\GitHub\fishing\Fishing Game\Library\PackageCache\com.unity.visualscripting@1.7.8\Editor\VisualScripting.Core\Dependencies\DotNetZip\Unity.VisualScripting.IonicZip.dll
Native extension for WindowsStandalone target not found
Refreshing native plugins compatible for Editor in 1.25 ms, found 3 plugins.
Preloading 0 native plugins for Editor in 0.00 ms.
Mono: successfully reloaded assembly
- Completed reload, in  1.053 seconds
Domain Reload Profiling:
	ReloadAssembly (1054ms)
		BeginReloadAssembly (137ms)
			ExecutionOrderSort (0ms)
			DisableScriptedObjects (6ms)
			BackupInstance (0ms)
			ReleaseScriptingObjects (0ms)
			CreateAndSetChildDomain (53ms)
		EndReloadAssembly (847ms)
			LoadAssemblies (80ms)
			RebuildTransferFunctionScriptingTraits (0ms)
			SetupTypeCache (261ms)
			ReleaseScriptCaches (2ms)
			RebuildScriptCaches (51ms)
			SetupLoadedEditorAssemblies (360ms)
				LogAssemblyErrors (0ms)
				InitializePlatformSupportModulesInManaged (11ms)
				SetLoadedEditorAssemblies (0ms)
				RefreshPlugins (1ms)
				BeforeProcessingInitializeOnLoad (85ms)
				ProcessInitializeOnLoadAttributes (230ms)
				ProcessInitializeOnLoadMethodAttributes (26ms)
				AfterProcessingInitializeOnLoad (5ms)
				EditorAssembliesLoaded (0ms)
			ExecutionOrderSort2 (0ms)
			AwakeInstancesAfterBackupRestoration (12ms)
Platform modules already initialized, skipping
Refreshing native plugins compatible for Editor in 2.82 ms, found 3 plugins.
Preloading 0 native plugins for Editor in 0.00 ms.
Unloading 5982 Unused Serialized files (Serialized files now loaded: 0)
Unloading 44 unused Assets / (3.4 MB). Loaded Objects now: 6930.
Memory consumption went from 273.9 MB to 270.5 MB.
Total: 4.530100 ms (FindLiveObjects: 0.427000 ms CreateObjectMapping: 0.357700 ms MarkObjects: 3.175000 ms  DeleteObjects: 0.569500 ms)

AssetImportParameters requested are different than current active one (requested -> active):
  custom:video-decoder-ogg-theora: a1e56fd34408186e4bbccfd4996cb3dc -> 
  custom:container-muxer-webm: aa71ff27fc2769a1b78a27578f13a17b -> 
  custom:container-demuxer-webm: 4f35f7cbe854078d1ac9338744f61a02 -> 
  custom:video-encoder-webm-vp8: eb34c28f22e8b96e1ab97ce403110664 -> 
  custom:video-codec-MediaFoundation-h265: 746d11721c4dcdbdad8f713fa42b33f4 -> 
  custom:audio-encoder-webm-vorbis: bf7c407c2cedff20999df2af8eb42d56 -> 
  custom:framework-win-MediaFoundation: 216162199b28c13a410421893ffa2e32 -> 
  custom:container-demuxer-ogg: 62fdf1f143b41e24485cea50d1cbac27 -> 
  custom:video-decoder-webm-vp8: 9c59270c3fd7afecdb556c50c9e8de78 -> 
  custom:audio-decoder-ogg-vorbis: bf7c407c2cedff20999df2af8eb42d56 -> 
========================================================================
Received Import Request.
  Time since last request: 59.424957 seconds.
  path: Assets/Art/New Material 1.mat
  artifactKey: Guid(352114084950a70418f5d489f13b3f2b) Importer(815301076,1909f56bfc062723c751e8b465ee728b)
Start importing Assets/Art/New Material 1.mat using Guid(352114084950a70418f5d489f13b3f2b) Importer(815301076,1909f56bfc062723c751e8b465ee728b)  -> (artifact id: '8fbb8a2b37182c8573b9c1712650c632') in 0.760815 seconds 
========================================================================
Received Prepare
Registering precompiled user dll's ...
Registered in 0.005728 seconds.
Begin MonoManager ReloadAssembly
Symbol file LoadedFromMemory doesn't match image C:\Users\aaron\Documents\GitHub\fishing\Fishing Game\Library\PackageCache\com.unity.visualscripting@1.7.8\Editor\VisualScripting.Core\Dependencies\YamlDotNet\Unity.VisualScripting.YamlDotNet.dll
Symbol file LoadedFromMemory doesn't match image C:\Users\aaron\Documents\GitHub\fishing\Fishing Game\Library\PackageCache\com.unity.visualscripting@1.7.8\Editor\VisualScripting.Core\Dependencies\DotNetZip\Unity.VisualScripting.IonicZip.dll
Native extension for WindowsStandalone target not found
Refreshing native plugins compatible for Editor in 1.15 ms, found 3 plugins.
Preloading 0 native plugins for Editor in 0.00 ms.
Mono: successfully reloaded assembly
- Completed reload, in  1.232 seconds
Domain Reload Profiling:
	ReloadAssembly (1233ms)
		BeginReloadAssembly (168ms)
			ExecutionOrderSort (0ms)
			DisableScriptedObjects (28ms)
			BackupInstance (0ms)
			ReleaseScriptingObjects (0ms)
			CreateAndSetChildDomain (62ms)
		EndReloadAssembly (993ms)
			LoadAssemblies (71ms)
			RebuildTransferFunctionScriptingTraits (0ms)
			SetupTypeCache (264ms)
			ReleaseScriptCaches (2ms)
			RebuildScriptCaches (64ms)
			SetupLoadedEditorAssemblies (458ms)
				LogAssemblyErrors (0ms)
				InitializePlatformSupportModulesInManaged (12ms)
				SetLoadedEditorAssemblies (0ms)
				RefreshPlugins (1ms)
				BeforeProcessingInitializeOnLoad (85ms)
				ProcessInitializeOnLoadAttributes (312ms)
				ProcessInitializeOnLoadMethodAttributes (42ms)
				AfterProcessingInitializeOnLoad (5ms)
				EditorAssembliesLoaded (0ms)
			ExecutionOrderSort2 (0ms)
			AwakeInstancesAfterBackupRestoration (17ms)
Platform modules already initialized, skipping
Refreshing native plugins compatible for Editor in 2.14 ms, found 3 plugins.
Preloading 0 native plugins for Editor in 0.00 ms.
Unloading 5982 Unused Serialized files (Serialized files now loaded: 0)
Unloading 44 unused Assets / (3.4 MB). Loaded Objects now: 7038.
Memory consumption went from 274.2 MB to 270.8 MB.
Total: 3.930300 ms (FindLiveObjects: 0.424900 ms CreateObjectMapping: 0.306300 ms MarkObjects: 2.649200 ms  DeleteObjects: 0.548900 ms)

AssetImportParameters requested are different than current active one (requested -> active):
  custom:video-decoder-ogg-theora: a1e56fd34408186e4bbccfd4996cb3dc -> 
  custom:container-muxer-webm: aa71ff27fc2769a1b78a27578f13a17b -> 
  custom:container-demuxer-webm: 4f35f7cbe854078d1ac9338744f61a02 -> 
  custom:video-encoder-webm-vp8: eb34c28f22e8b96e1ab97ce403110664 -> 
  custom:video-codec-MediaFoundation-h265: 746d11721c4dcdbdad8f713fa42b33f4 -> 
  custom:audio-encoder-webm-vorbis: bf7c407c2cedff20999df2af8eb42d56 -> 
  custom:framework-win-MediaFoundation: 216162199b28c13a410421893ffa2e32 -> 
  custom:container-demuxer-ogg: 62fdf1f143b41e24485cea50d1cbac27 -> 
  custom:video-decoder-webm-vp8: 9c59270c3fd7afecdb556c50c9e8de78 -> 
  custom:audio-decoder-ogg-vorbis: bf7c407c2cedff20999df2af8eb42d56 -> 
========================================================================
Received Import Request.
  Time since last request: 114.137618 seconds.
  path: ProjectSettings/TagManager.asset
  artifactKey: Guid(00000000000000003000000000000000) Importer(815301076,1909f56bfc062723c751e8b465ee728b)
Start importing ProjectSettings/TagManager.asset using Guid(00000000000000003000000000000000) Importer(815301076,1909f56bfc062723c751e8b465ee728b)  -> (artifact id: '26545fe2f96ee12b1ae2cda875dc9135') in 0.043302 seconds 
========================================================================
Received Prepare
Registering precompiled user dll's ...
Registered in 0.005705 seconds.
Begin MonoManager ReloadAssembly
Symbol file LoadedFromMemory doesn't match image C:\Users\aaron\Documents\GitHub\fishing\Fishing Game\Library\PackageCache\com.unity.visualscripting@1.7.8\Editor\VisualScripting.Core\Dependencies\YamlDotNet\Unity.VisualScripting.YamlDotNet.dll
Symbol file LoadedFromMemory doesn't match image C:\Users\aaron\Documents\GitHub\fishing\Fishing Game\Library\PackageCache\com.unity.visualscripting@1.7.8\Editor\VisualScripting.Core\Dependencies\DotNetZip\Unity.VisualScripting.IonicZip.dll
Native extension for WindowsStandalone target not found
Refreshing native plugins compatible for Editor in 1.14 ms, found 3 plugins.
Preloading 0 native plugins for Editor in 0.00 ms.
Mono: successfully reloaded assembly
- Completed reload, in  1.031 seconds
Domain Reload Profiling:
	ReloadAssembly (1031ms)
		BeginReloadAssembly (136ms)
			ExecutionOrderSort (0ms)
			DisableScriptedObjects (8ms)
			BackupInstance (0ms)
			ReleaseScriptingObjects (0ms)
			CreateAndSetChildDomain (50ms)
		EndReloadAssembly (827ms)
			LoadAssemblies (73ms)
			RebuildTransferFunctionScriptingTraits (0ms)
			SetupTypeCache (229ms)
			ReleaseScriptCaches (2ms)
			RebuildScriptCaches (54ms)
			SetupLoadedEditorAssemblies (375ms)
				LogAssemblyErrors (0ms)
				InitializePlatformSupportModulesInManaged (9ms)
				SetLoadedEditorAssemblies (0ms)
				RefreshPlugins (1ms)
				BeforeProcessingInitializeOnLoad (82ms)
				ProcessInitializeOnLoadAttributes (244ms)
				ProcessInitializeOnLoadMethodAttributes (33ms)
				AfterProcessingInitializeOnLoad (5ms)
				EditorAssembliesLoaded (0ms)
			ExecutionOrderSort2 (0ms)
			AwakeInstancesAfterBackupRestoration (12ms)
Platform modules already initialized, skipping
Refreshing native plugins compatible for Editor in 2.11 ms, found 3 plugins.
Preloading 0 native plugins for Editor in 0.00 ms.
Unloading 5982 Unused Serialized files (Serialized files now loaded: 0)
Unloading 45 unused Assets / (3.4 MB). Loaded Objects now: 7041.
Memory consumption went from 274.0 MB to 270.6 MB.
Total: 4.113100 ms (FindLiveObjects: 0.434400 ms CreateObjectMapping: 0.306000 ms MarkObjects: 2.800700 ms  DeleteObjects: 0.571000 ms)

AssetImportParameters requested are different than current active one (requested -> active):
  custom:video-decoder-ogg-theora: a1e56fd34408186e4bbccfd4996cb3dc -> 
  custom:container-muxer-webm: aa71ff27fc2769a1b78a27578f13a17b -> 
  custom:container-demuxer-webm: 4f35f7cbe854078d1ac9338744f61a02 -> 
  custom:video-encoder-webm-vp8: eb34c28f22e8b96e1ab97ce403110664 -> 
  custom:video-codec-MediaFoundation-h265: 746d11721c4dcdbdad8f713fa42b33f4 -> 
  custom:audio-encoder-webm-vorbis: bf7c407c2cedff20999df2af8eb42d56 -> 
  custom:framework-win-MediaFoundation: 216162199b28c13a410421893ffa2e32 -> 
  custom:container-demuxer-ogg: 62fdf1f143b41e24485cea50d1cbac27 -> 
  custom:video-decoder-webm-vp8: 9c59270c3fd7afecdb556c50c9e8de78 -> 
  custom:audio-decoder-ogg-vorbis: bf7c407c2cedff20999df2af8eb42d56 -> 
========================================================================
Received Import Request.
  Time since last request: 119.595001 seconds.
  path: Assets/Art/Ghost.mat
  artifactKey: Guid(352114084950a70418f5d489f13b3f2b) Importer(815301076,1909f56bfc062723c751e8b465ee728b)
Start importing Assets/Art/Ghost.mat using Guid(352114084950a70418f5d489f13b3f2b) Importer(815301076,1909f56bfc062723c751e8b465ee728b)  -> (artifact id: 'be988c221c0b04d0b3b9298632981d75') in 0.621117 seconds 
========================================================================
Received Import Request.
  Time since last request: 18.983227 seconds.
  path: Assets/Art/Ghost.mat
  artifactKey: Guid(352114084950a70418f5d489f13b3f2b) Importer(815301076,1909f56bfc062723c751e8b465ee728b)
Start importing Assets/Art/Ghost.mat using Guid(352114084950a70418f5d489f13b3f2b) Importer(815301076,1909f56bfc062723c751e8b465ee728b)  -> (artifact id: 'abe02f65ae67349fc1835d4fc098cf22') in 0.062306 seconds 
========================================================================
Received Import Request.
  Time since last request: 25.967754 seconds.
  path: Assets/Prefab/BluePrintPlatform.prefab
  artifactKey: Guid(82855fc2aa1dcab4481b6f4f56f25635) Importer(815301076,1909f56bfc062723c751e8b465ee728b)
Start importing Assets/Prefab/BluePrintPlatform.prefab using Guid(82855fc2aa1dcab4481b6f4f56f25635) Importer(815301076,1909f56bfc062723c751e8b465ee728b)  -> (artifact id: 'cadb095342132b8fd402f64357b82774') in 0.071464 seconds 
========================================================================
Received Import Request.
  Time since last request: 98.575202 seconds.
  path: Assets/Prefab/ScrapDoor1.prefab
  artifactKey: Guid(fdcfecccb54f23047a62fcb811e736b9) Importer(815301076,1909f56bfc062723c751e8b465ee728b)
Start importing Assets/Prefab/ScrapDoor1.prefab using Guid(fdcfecccb54f23047a62fcb811e736b9) Importer(815301076,1909f56bfc062723c751e8b465ee728b)  -> (artifact id: '9075ac972c1194acb001e2c9319f6e86') in 0.170754 seconds 
========================================================================
Received Import Request.
  Time since last request: 22.921209 seconds.
  path: Assets/Prefab/ScrapFloor1.prefab
  artifactKey: Guid(cc6d6396173cd7049ab821856ef35d12) Importer(815301076,1909f56bfc062723c751e8b465ee728b)
Start importing Assets/Prefab/ScrapFloor1.prefab using Guid(cc6d6396173cd7049ab821856ef35d12) Importer(815301076,1909f56bfc062723c751e8b465ee728b)  -> (artifact id: 'db6c6bb34e4476c3a367b736f23335a4') in 0.041149 seconds 
========================================================================
Received Import Request.
  Time since last request: 17.753331 seconds.
  path: Assets/Prefab/ScrapPiller1.prefab
  artifactKey: Guid(f3a6f6d8a66768c449e523f3a29fd747) Importer(815301076,1909f56bfc062723c751e8b465ee728b)
Start importing Assets/Prefab/ScrapPiller1.prefab using Guid(f3a6f6d8a66768c449e523f3a29fd747) Importer(815301076,1909f56bfc062723c751e8b465ee728b)  -> (artifact id: 'b526894100cc79e7fb60bdd584dc3409') in 0.018872 seconds 
========================================================================
Received Import Request.
  Time since last request: 18.928472 seconds.
  path: Assets/Prefab/ScrapWall1.prefab
  artifactKey: Guid(9e16d8522123f9a4cb7b602ddb487fd1) Importer(815301076,1909f56bfc062723c751e8b465ee728b)
Start importing Assets/Prefab/ScrapWall1.prefab using Guid(9e16d8522123f9a4cb7b602ddb487fd1) Importer(815301076,1909f56bfc062723c751e8b465ee728b)  -> (artifact id: 'cddd4df08e4b38abb6d7659aca44c4d8') in 0.021257 seconds 
========================================================================
Received Import Request.
  Time since last request: 61.353198 seconds.
  path: Assets/Prefab/ScrapWindow1.prefab
  artifactKey: Guid(b7c500b7bb6ebec4e9a55887b8dc9848) Importer(815301076,1909f56bfc062723c751e8b465ee728b)
Start importing Assets/Prefab/ScrapWindow1.prefab using Guid(b7c500b7bb6ebec4e9a55887b8dc9848) Importer(815301076,1909f56bfc062723c751e8b465ee728b)  -> (artifact id: '99032f7096b8cb5840cf356d3af3a7a1') in 0.098840 seconds 
========================================================================
Received Prepare
Registering precompiled user dll's ...
Registered in 0.005747 seconds.
Begin MonoManager ReloadAssembly
Symbol file LoadedFromMemory doesn't match image C:\Users\aaron\Documents\GitHub\fishing\Fishing Game\Library\PackageCache\com.unity.visualscripting@1.7.8\Editor\VisualScripting.Core\Dependencies\YamlDotNet\Unity.VisualScripting.YamlDotNet.dll
Symbol file LoadedFromMemory doesn't match image C:\Users\aaron\Documents\GitHub\fishing\Fishing Game\Library\PackageCache\com.unity.visualscripting@1.7.8\Editor\VisualScripting.Core\Dependencies\DotNetZip\Unity.VisualScripting.IonicZip.dll
Native extension for WindowsStandalone target not found
Refreshing native plugins compatible for Editor in 1.24 ms, found 3 plugins.
Preloading 0 native plugins for Editor in 0.00 ms.
Mono: successfully reloaded assembly
- Completed reload, in  1.105 seconds
Domain Reload Profiling:
	ReloadAssembly (1106ms)
		BeginReloadAssembly (194ms)
			ExecutionOrderSort (0ms)
			DisableScriptedObjects (39ms)
			BackupInstance (0ms)
			ReleaseScriptingObjects (0ms)
			CreateAndSetChildDomain (65ms)
		EndReloadAssembly (845ms)
			LoadAssemblies (78ms)
			RebuildTransferFunctionScriptingTraits (0ms)
			SetupTypeCache (271ms)
			ReleaseScriptCaches (2ms)
			RebuildScriptCaches (59ms)
			SetupLoadedEditorAssemblies (337ms)
				LogAssemblyErrors (0ms)
				InitializePlatformSupportModulesInManaged (10ms)
				SetLoadedEditorAssemblies (0ms)
				RefreshPlugins (1ms)
				BeforeProcessingInitializeOnLoad (83ms)
				ProcessInitializeOnLoadAttributes (212ms)
				ProcessInitializeOnLoadMethodAttributes (27ms)
				AfterProcessingInitializeOnLoad (5ms)
				EditorAssembliesLoaded (0ms)
			ExecutionOrderSort2 (0ms)
			AwakeInstancesAfterBackupRestoration (13ms)
Platform modules already initialized, skipping
Refreshing native plugins compatible for Editor in 2.32 ms, found 3 plugins.
Preloading 0 native plugins for Editor in 0.00 ms.
Unloading 5982 Unused Serialized files (Serialized files now loaded: 0)
Unloading 44 unused Assets / (3.4 MB). Loaded Objects now: 7149.
Memory consumption went from 274.3 MB to 270.9 MB.
Total: 4.867500 ms (FindLiveObjects: 0.737200 ms CreateObjectMapping: 0.416900 ms MarkObjects: 3.153500 ms  DeleteObjects: 0.558500 ms)

AssetImportParameters requested are different than current active one (requested -> active):
  custom:video-decoder-ogg-theora: a1e56fd34408186e4bbccfd4996cb3dc -> 
  custom:container-muxer-webm: aa71ff27fc2769a1b78a27578f13a17b -> 
  custom:container-demuxer-webm: 4f35f7cbe854078d1ac9338744f61a02 -> 
  custom:video-encoder-webm-vp8: eb34c28f22e8b96e1ab97ce403110664 -> 
  custom:video-codec-MediaFoundation-h265: 746d11721c4dcdbdad8f713fa42b33f4 -> 
  custom:audio-encoder-webm-vorbis: bf7c407c2cedff20999df2af8eb42d56 -> 
  custom:framework-win-MediaFoundation: 216162199b28c13a410421893ffa2e32 -> 
  custom:container-demuxer-ogg: 62fdf1f143b41e24485cea50d1cbac27 -> 
  custom:video-decoder-webm-vp8: 9c59270c3fd7afecdb556c50c9e8de78 -> 
  custom:audio-decoder-ogg-vorbis: bf7c407c2cedff20999df2af8eb42d56 -> 
========================================================================
Received Import Request.
  Time since last request: 328.156126 seconds.
  path: Assets/Prefab/CraftingBench 1.prefab
  artifactKey: Guid(886c8c4bff4174048b6946f7d47e2108) Importer(815301076,1909f56bfc062723c751e8b465ee728b)
Start importing Assets/Prefab/CraftingBench 1.prefab using Guid(886c8c4bff4174048b6946f7d47e2108) Importer(815301076,1909f56bfc062723c751e8b465ee728b)  -> (artifact id: 'b89a0bf856dd70dbf63bf40b3c71f16c') in 1.113478 seconds 
========================================================================
Received Import Request.
  Time since last request: 0.000042 seconds.
  path: Assets/Prefab/GhostScrapWall1.prefab
  artifactKey: Guid(5fd0aa4b078645b42878070f21936a42) Importer(815301076,1909f56bfc062723c751e8b465ee728b)
Start importing Assets/Prefab/GhostScrapWall1.prefab using Guid(5fd0aa4b078645b42878070f21936a42) Importer(815301076,1909f56bfc062723c751e8b465ee728b)  -> (artifact id: '1daddd23126e5f347c18bdb04324e636') in 0.037979 seconds 
========================================================================
Received Import Request.
  Time since last request: 0.000062 seconds.
  path: Assets/Prefab/GhostScrapPiller1.prefab
  artifactKey: Guid(c5fea750dd37da64d8779756dde42f99) Importer(815301076,1909f56bfc062723c751e8b465ee728b)
Start importing Assets/Prefab/GhostScrapPiller1.prefab using Guid(c5fea750dd37da64d8779756dde42f99) Importer(815301076,1909f56bfc062723c751e8b465ee728b)  -> (artifact id: '5144e1fdf203d556c4151dc7677b2db0') in 0.030605 seconds 
========================================================================
Received Prepare
Registering precompiled user dll's ...
Registered in 0.006956 seconds.
Begin MonoManager ReloadAssembly
Symbol file LoadedFromMemory doesn't match image C:\Users\aaron\Documents\GitHub\fishing\Fishing Game\Library\PackageCache\com.unity.visualscripting@1.7.8\Editor\VisualScripting.Core\Dependencies\YamlDotNet\Unity.VisualScripting.YamlDotNet.dll
Symbol file LoadedFromMemory doesn't match image C:\Users\aaron\Documents\GitHub\fishing\Fishing Game\Library\PackageCache\com.unity.visualscripting@1.7.8\Editor\VisualScripting.Core\Dependencies\DotNetZip\Unity.VisualScripting.IonicZip.dll
Native extension for WindowsStandalone target not found
Refreshing native plugins compatible for Editor in 1.93 ms, found 3 plugins.
Preloading 0 native plugins for Editor in 0.00 ms.
Mono: successfully reloaded assembly
- Completed reload, in  1.196 seconds
Domain Reload Profiling:
	ReloadAssembly (1196ms)
		BeginReloadAssembly (191ms)
			ExecutionOrderSort (0ms)
			DisableScriptedObjects (28ms)
			BackupInstance (0ms)
			ReleaseScriptingObjects (0ms)
			CreateAndSetChildDomain (70ms)
		EndReloadAssembly (913ms)
			LoadAssemblies (90ms)
			RebuildTransferFunctionScriptingTraits (0ms)
			SetupTypeCache (249ms)
			ReleaseScriptCaches (3ms)
			RebuildScriptCaches (61ms)
			SetupLoadedEditorAssemblies (387ms)
				LogAssemblyErrors (0ms)
				InitializePlatformSupportModulesInManaged (12ms)
				SetLoadedEditorAssemblies (1ms)
				RefreshPlugins (2ms)
				BeforeProcessingInitializeOnLoad (99ms)
				ProcessInitializeOnLoadAttributes (242ms)
				ProcessInitializeOnLoadMethodAttributes (26ms)
				AfterProcessingInitializeOnLoad (5ms)
				EditorAssembliesLoaded (0ms)
			ExecutionOrderSort2 (0ms)
			AwakeInstancesAfterBackupRestoration (15ms)
Platform modules already initialized, skipping
Refreshing native plugins compatible for Editor in 2.42 ms, found 3 plugins.
Preloading 0 native plugins for Editor in 0.00 ms.
Unloading 5982 Unused Serialized files (Serialized files now loaded: 0)
Unloading 48 unused Assets / (3.4 MB). Loaded Objects now: 7257.
Memory consumption went from 274.4 MB to 271.0 MB.
Total: 4.347700 ms (FindLiveObjects: 0.453500 ms CreateObjectMapping: 0.375600 ms MarkObjects: 2.935800 ms  DeleteObjects: 0.581900 ms)

AssetImportParameters requested are different than current active one (requested -> active):
  custom:video-decoder-ogg-theora: a1e56fd34408186e4bbccfd4996cb3dc -> 
  custom:container-muxer-webm: aa71ff27fc2769a1b78a27578f13a17b -> 
  custom:container-demuxer-webm: 4f35f7cbe854078d1ac9338744f61a02 -> 
  custom:video-encoder-webm-vp8: eb34c28f22e8b96e1ab97ce403110664 -> 
  custom:video-codec-MediaFoundation-h265: 746d11721c4dcdbdad8f713fa42b33f4 -> 
  custom:audio-encoder-webm-vorbis: bf7c407c2cedff20999df2af8eb42d56 -> 
  custom:framework-win-MediaFoundation: 216162199b28c13a410421893ffa2e32 -> 
  custom:container-demuxer-ogg: 62fdf1f143b41e24485cea50d1cbac27 -> 
  custom:video-decoder-webm-vp8: 9c59270c3fd7afecdb556c50c9e8de78 -> 
  custom:audio-decoder-ogg-vorbis: bf7c407c2cedff20999df2af8eb42d56 -> 
